Model successfully read and processed
Meshing constraints read successfully.
(0) Surface Meshing started
(1) Small Feature Detection started
25% completed
50% completed
75% completed
(2) Detect Close Edges started
25% completed
50% completed
75% completed
100% completed
(2) Detect Close Edges finished: CPU time: 0.234375 s, clock time: 0.236 s
100% completed
(1) Small Feature Detection finished: CPU time: 0.265625 s, clock time: 0.259 s
(1) Structured Meshing started
Number of 3D Boundary Layers identified: 93
(1) Structured Meshing finished: CPU time: 0 s, clock time: 0.001 s
(1) Structured Meshing started
Lateral meshing
(1) Structured Meshing finished: CPU time: 0 s, clock time: 0.001 s
(1) Face Meshing started
(1) Face Meshing 1/97
tag = 1, type = Plane -> CFdesign ID = 1
(1) Face Meshing 2/97
tag = 2, type = Plane -> CFdesign ID = 2
(1) Face Meshing 3/97
tag = 3, type = Plane -> CFdesign ID = 3
(1) Face Meshing 4/97
tag = 4, type = Plane -> CFdesign ID = 4
(1) Face Meshing 5/97
tag = 5, type = Plane -> CFdesign ID = 5
(1) Face Meshing 6/97
tag = 6, type = Plane -> CFdesign ID = 6
(1) Face Meshing 7/97
tag = 7, type = Plane -> CFdesign ID = 7
(1) Face Meshing 8/97
tag = 8, type = Plane -> CFdesign ID = 8
(1) Face Meshing 9/97
tag = 9, type = Plane -> CFdesign ID = 9
(1) Face Meshing 10/97
tag = 10, type = Plane -> CFdesign ID = 10
(1) Face Meshing 11/97
tag = 11, type = Plane -> CFdesign ID = 11
(1) Face Meshing 12/97
tag = 12, type = Plane -> CFdesign ID = 12
(1) Face Meshing 13/97
tag = 13, type = Plane -> CFdesign ID = 13
(1) Face Meshing 14/97
tag = 14, type = Plane -> CFdesign ID = 14
(1) Face Meshing 15/97
tag = 15, type = Plane -> CFdesign ID = 15
(1) Face Meshing 16/97
tag = 16, type = Plane -> CFdesign ID = 16
(1) Face Meshing 17/97
tag = 17, type = Plane -> CFdesign ID = 17
(1) Face Meshing 18/97
tag = 18, type = Plane -> CFdesign ID = 18
(1) Face Meshing 19/97
tag = 19, type = Plane -> CFdesign ID = 19
(1) Face Meshing 20/97
tag = 20, type = Plane -> CFdesign ID = 20
(1) Face Meshing 21/97
tag = 21, type = Plane -> CFdesign ID = 21
(1) Face Meshing 22/97
tag = 22, type = Plane -> CFdesign ID = 22
(1) Face Meshing 23/97
tag = 23, type = Plane -> CFdesign ID = 23
(1) Face Meshing 24/97
tag = 24, type = Plane -> CFdesign ID = 24
(1) Face Meshing 25/97
tag = 25, type = Plane -> CFdesign ID = 25
(1) Face Meshing 26/97
tag = 26, type = Plane -> CFdesign ID = 26
(1) Face Meshing 27/97
tag = 27, type = Plane -> CFdesign ID = 27
(1) Face Meshing 28/97
tag = 28, type = Plane -> CFdesign ID = 28
(1) Face Meshing 29/97
tag = 29, type = Plane -> CFdesign ID = 29
(1) Face Meshing 30/97
tag = 30, type = Plane -> CFdesign ID = 30
(1) Face Meshing 31/97
tag = 31, type = Plane -> CFdesign ID = 31
(1) Face Meshing 32/97
tag = 32, type = Plane -> CFdesign ID = 32
(1) Face Meshing 33/97
tag = 33, type = Plane -> CFdesign ID = 33
(1) Face Meshing 34/97
tag = 34, type = Plane -> CFdesign ID = 34
(1) Face Meshing 35/97
tag = 35, type = Unknown -> CFdesign ID = 35
(1) Face Meshing 36/97
tag = 36, type = Unknown -> CFdesign ID = 36
(1) Face Meshing 37/97
tag = 37, type = Unknown -> CFdesign ID = 37
(1) Face Meshing 38/97
tag = 38, type = Unknown -> CFdesign ID = 38
(1) Face Meshing 39/97
tag = 39, type = Unknown -> CFdesign ID = 39
(1) Face Meshing 40/97
tag = 40, type = Plane -> CFdesign ID = 40
(1) Face Meshing 41/97
tag = 41, type = Plane -> CFdesign ID = 41
(1) Face Meshing 42/97
tag = 42, type = Plane -> CFdesign ID = 42
(1) Face Meshing 43/97
tag = 43, type = Plane -> CFdesign ID = 43
(1) Face Meshing 44/97
tag = 44, type = Plane -> CFdesign ID = 44
(1) Face Meshing 45/97
tag = 45, type = Plane -> CFdesign ID = 45
(1) Face Meshing 46/97
tag = 46, type = Plane -> CFdesign ID = 46
(1) Face Meshing 47/97
tag = 47, type = Plane -> CFdesign ID = 47
(1) Face Meshing 48/97
tag = 48, type = Unknown -> CFdesign ID = 48
(1) Face Meshing 49/97
tag = 49, type = Unknown -> CFdesign ID = 49
(1) Face Meshing 50/97
tag = 50, type = Unknown -> CFdesign ID = 50
(1) Face Meshing 51/97
tag = 51, type = Unknown -> CFdesign ID = 51
(1) Face Meshing 52/97
tag = 52, type = Unknown -> CFdesign ID = 52
(1) Face Meshing 53/97
tag = 53, type = Unknown -> CFdesign ID = 53
(1) Face Meshing 54/97
tag = 54, type = Unknown -> CFdesign ID = 54
(1) Face Meshing 55/97
tag = 55, type = Nurb -> CFdesign ID = 55
(1) Face Meshing 56/97
tag = 56, type = Plane -> CFdesign ID = 56
(1) Face Meshing 57/97
tag = 57, type = Unknown -> CFdesign ID = 57
(1) Face Meshing 58/97
tag = 58, type = Unknown -> CFdesign ID = 58
(1) Face Meshing 59/97
tag = 59, type = Unknown -> CFdesign ID = 59
(1) Face Meshing 60/97
tag = 60, type = Unknown -> CFdesign ID = 60
(1) Face Meshing 61/97
tag = 61, type = Unknown -> CFdesign ID = 61
(1) Face Meshing 62/97
tag = 62, type = Unknown -> CFdesign ID = 62
(1) Face Meshing 63/97
tag = 63, type = Nurb -> CFdesign ID = 63
(1) Face Meshing 64/97
tag = 64, type = Plane -> CFdesign ID = 64
(1) Face Meshing 65/97
tag = 65, type = Nurb -> CFdesign ID = 65
(1) Face Meshing 66/97
tag = 66, type = Plane -> CFdesign ID = 66
(1) Face Meshing 67/97
tag = 67, type = Plane -> CFdesign ID = 67
(1) Face Meshing 68/97
tag = 68, type = Plane -> CFdesign ID = 68
(1) Face Meshing 69/97
tag = 69, type = Plane -> CFdesign ID = 69
(1) Face Meshing 70/97
tag = 70, type = Plane -> CFdesign ID = 70
(1) Face Meshing 71/97
tag = 71, type = Plane -> CFdesign ID = 71
(1) Face Meshing 72/97
tag = 72, type = Plane -> CFdesign ID = 72
(1) Face Meshing 73/97
tag = 73, type = Plane -> CFdesign ID = 73
(1) Face Meshing 74/97
tag = 74, type = Plane -> CFdesign ID = 74
(1) Face Meshing 75/97
tag = 75, type = Unknown -> CFdesign ID = 75
(1) Face Meshing 76/97
tag = 76, type = Unknown -> CFdesign ID = 76
(1) Face Meshing 77/97
tag = 77, type = Unknown -> CFdesign ID = 77
(1) Face Meshing 78/97
tag = 78, type = Unknown -> CFdesign ID = 78
(1) Face Meshing 79/97
tag = 79, type = Unknown -> CFdesign ID = 79
(1) Face Meshing 80/97
tag = 80, type = Unknown -> CFdesign ID = 80
(1) Face Meshing 81/97
tag = 81, type = Plane -> CFdesign ID = 81
(1) Face Meshing 82/97
tag = 82, type = Unknown -> CFdesign ID = 82
(1) Face Meshing 83/97
tag = 83, type = Unknown -> CFdesign ID = 83
(1) Face Meshing 84/97
tag = 84, type = Unknown -> CFdesign ID = 84
(1) Face Meshing 85/97
tag = 85, type = Unknown -> CFdesign ID = 85
(1) Face Meshing 86/97
tag = 86, type = Unknown -> CFdesign ID = 86
(1) Face Meshing 87/97
tag = 87, type = Unknown -> CFdesign ID = 87
(1) Face Meshing 88/97
tag = 88, type = Nurb -> CFdesign ID = 88
(1) Face Meshing 89/97
tag = 89, type = Unknown -> CFdesign ID = 89
(1) Face Meshing 90/97
tag = 90, type = Nurb -> CFdesign ID = 90
(1) Face Meshing 91/97
tag = 91, type = Nurb -> CFdesign ID = 91
(1) Face Meshing 92/97
tag = 92, type = Plane -> CFdesign ID = 92
(1) Face Meshing 93/97
tag = 93, type = Plane -> CFdesign ID = 93
(1) Face Meshing 94/97
tag = 94, type = Plane -> CFdesign ID = 94
(1) Face Meshing 95/97
tag = 95, type = Plane -> CFdesign ID = 95
(1) Face Meshing 96/97
tag = 96, type = Plane -> CFdesign ID = 96
(1) Face Meshing 97/97
tag = 97, type = Plane -> CFdesign ID = 97
(1) Face Meshing finished: CPU time: 1.3125 s, clock time: 1.378 s
(1) Structured Meshing started
(1) Structured Meshing finished: CPU time: 0 s, clock time: 0.001 s
(1) Surface Mesh Improver started
(2) Surface Mesh Improvement started
25% completed
(2) Surface Mesh Improvement finished: CPU time: 0.015625 s, clock time: 0.02 s
(2) Surface Smoothing started
25% completed
50% completed
75% completed
(2) Surface Smoothing finished: CPU time: 0.109375 s, clock time: 0.114 s
(2) Fix Surface Intersections started
(2) Fix Surface Intersections finished: CPU time: 0.34375 s, clock time: 0.332 s
(1) Surface Mesh Improver finished: CPU time: 0.46875 s, clock time: 0.47 s
(0) Surface Meshing finished: CPU time: 2.10938 s, clock time: 2.167 s
  Nodal Aspect Ratio Summary
Surface 1: 2.38172
Surface 2: 3.40789
Surface 3: 7.23899
Surface 4: 3.81962
Surface 5: 7.25531
Surface 6: 7.25531
Surface 7: 5.57366
Surface 8: 3.43414
Surface 9: 5.58297
Surface 10: 3.51161
Surface 11: 2.16365
Surface 12: 2.78671
Surface 13: 1.99495
Surface 14: 2.78671
Surface 15: 1.99495
Surface 16: 1.98228
Surface 17: 1.99495
Surface 18: 3.1672
Surface 19: 1.93872
Surface 20: 1.93872
Surface 21: 1.93872
Surface 22: 1.93872
Surface 23: 3.1672
Surface 24: 4.39424
Surface 25: 2.51714
Surface 26: 2.70664
Surface 27: 3.71687
Surface 28: 1.9794
Surface 29: 1.89137
Surface 30: 1.89137
Surface 31: 4.39424
Surface 32: 2.74366
Surface 33: 2.65964
Surface 34: 2.79578
Surface 35: 1.96042
Surface 36: 1.7591
Surface 37: 2.35852
Surface 38: 2.05381
Surface 39: 3.36031
Surface 40: 1.51605
Surface 41: 1.84827
Surface 42: 1.53988
Surface 43: 1.89137
Surface 44: 1.55474
Surface 45: 1.89137
Surface 46: 2.79578
Surface 47: 2.98839
Surface 48: 2.98839
Surface 49: 6.01193
Surface 50: 6.19775
Surface 51: 6.19775
Surface 52: 6.57355
Surface 53: 3.5898
Surface 54: 3.98722
Surface 55: 3.77536
Surface 56: 2.44038
Surface 57: 2.44038
Surface 58: 3.68576
Surface 59: 2.98231
Surface 60: 4.16952
Surface 61: 6.57908
Surface 62: 5.38596
Surface 63: 7.10287
Surface 64: 7.10287
Surface 65: 2.7913
Surface 66: 1.89137
Surface 67: 1.89137
Surface 68: 1.57349
Surface 69: 1.71084
Surface 70: 1.85853
Surface 71: 1.89137
Surface 72: 1.7782
Surface 73: 1.89137
Surface 74: 3.07973
Surface 75: 3.07973
Surface 76: 6.01193
Surface 77: 6.19775
Surface 78: 6.19775
Surface 79: 6.57355
Surface 80: 3.5898
Surface 81: 2.42415
Surface 82: 2.59618
Surface 83: 3.68576
Surface 84: 2.98231
Surface 85: 4.16952
Surface 86: 6.57908
Surface 87: 5.38596
Surface 88: 2.7913
Surface 89: 3.98722
Surface 90: 7.10287
Surface 91: 3.77536
Surface 92: 2.72083
Surface 93: 2.78614
Surface 94: 2.22821
Surface 95: 2.40397
Surface 96: 2.26212
Surface 97: 2.78614
Maximum nodal aspect ratio: 7.25531
(0) Volume Meshing started
(1) Structured Meshing started
Number of 3D Boundary Layers identified: 93
Number of BL regions estimated = 44385
Boundary Layer meshing
Finding growth curves...
Checking boundary growth curves...
Checking intersecting layers...
Edge triangulation
Face triangulation
(2) Adapting Mesh started
Iteration 1: Normalized edge length range: 2.0387 .. 0.632919
Iteration 2: Normalized edge length range: 1.51367 .. 0.673709
Final normalized edge length range: 1.4488 .. 0.515059
(2) Adapting Mesh finished: CPU time: 0.015625 s, clock time: 0.018 s
(2) Fix Surface Intersections started
(2) Fix Surface Intersections finished: CPU time: 0.203125 s, clock time: 0.203 s
Region triangulation
Number of BL regions created = 44382
(1) Structured Meshing finished: CPU time: 2.01563 s, clock time: 2.017 s
(1) Creating volume mesh started
(1) Creating volume mesh finished: CPU time: 4.01563 s, clock time: 4.021 s
(1) Adapting Mesh started
Iteration 1: Normalized edge length range: 3.34031 .. 0.0594738
Iteration 2: Normalized edge length range: 2.50339 .. 0.0594738
Iteration 3: Normalized edge length range: 1.87727 .. 0.0594738
Final normalized edge length range: 1.44995 .. 0.0594738
(1) Adapting Mesh finished: CPU time: 2.4375 s, clock time: 2.446 s
(1) Volume Mesh Improver started
(2) Volume Optimization started
(2) Volume Optimization finished: CPU time: 1.04688 s, clock time: 1.064 s
(2) Volume Smoothing started
25% completed
50% completed
75% completed
(2) Volume Smoothing finished: CPU time: 0.90625 s, clock time: 0.909 s
(1) Volume Mesh Improver finished: CPU time: 2.03125 s, clock time: 2.054 s
(0) Volume Meshing finished: CPU time: 10.5313 s, clock time: 10.558 s
Volume meshing peak memory usage is 241.517 MBytes.
Mesh Statistics
Node count: 48159
Element count: 186965
Minimum element volume: 8.61303e-05
Maximum element volume: 2.81804
Total model volume: 6693.02
  Nodal Aspect Ratio Summary
Surface 1: 199.129
Surface 2: 79.6452
Surface 3: 199.129
Surface 4: 81.1142
Surface 5: 158.879
Surface 6: 179.216
Surface 7: 19.4492
Surface 8: 12.9658
Surface 9: 16.2078
Surface 10: 13.7492
Surface 11: 19.4675
Surface 12: 15.8221
Surface 13: 13.5541
Surface 14: 15.1416
Surface 15: 13.8051
Surface 16: 15.0686
Surface 17: 13.5541
Surface 18: 20.1009
Surface 19: 13.261
Surface 20: 14.6011
Surface 21: 12.3213
Surface 22: 12.5754
Surface 23: 24.8819
Surface 24: 19.5203
Surface 25: 19.1679
Surface 26: 22.4409
Surface 27: 18.7765
Surface 28: 15.1339
Surface 29: 16.0058
Surface 30: 16.0058
Surface 31: 52.3531
Surface 32: 46.7261
Surface 33: 25.2734
Surface 34: 52.3531
Surface 35: 297.52
Surface 36: 435.803
Surface 37: 21.5266
Surface 38: 96.9806
Surface 39: 21.9776
Surface 40: 15.8065
Surface 41: 15.6063
Surface 42: 15.6063
Surface 43: 16.0058
Surface 44: 15.6063
Surface 45: 16.0058
Surface 46: 26.6335
Surface 47: 46.7261
Surface 48: 435.803
Surface 49: 96.9806
Surface 50: 19.6061
Surface 51: 194.719
Surface 52: 23.1714
Surface 53: 27.899
Surface 54: 30.2449
Surface 55: 22.693
Surface 56: 23.3765
Surface 57: 18.5506
Surface 58: 16.4669
Surface 59: 16.1468
Surface 60: 22.0748
Surface 61: 19.9334
Surface 62: 25.5441
Surface 63: 20.679
Surface 64: 30.2449
Surface 65: 20.679
Surface 66: 16.0058
Surface 67: 16.0058
Surface 68: 19.031
Surface 69: 22.7186
Surface 70: 15.6063
Surface 71: 22.7186
Surface 72: 19.2709
Surface 73: 20.5279
Surface 74: 26.6335
Surface 75: 36.6796
Surface 76: 27.5931
Surface 77: 18.1421
Surface 78: 25.4944
Surface 79: 26.7359
Surface 80: 30.7462
Surface 81: 23.8605
Surface 82: 22.1017
Surface 83: 17.1641
Surface 84: 13.8058
Surface 85: 17.0281
Surface 86: 18.7263
Surface 87: 25.3713
Surface 88: 17.2619
Surface 89: 30.8004
Surface 90: 19.4128
Surface 91: 23.0863
Surface 92: 21.351
Surface 93: 18.9408
Surface 94: 17.873
Surface 95: 20.4617
Surface 96: 16.3346
Surface 97: 21.0392
Maximum nodal aspect ratio: 435.803
Meshing concluded.
setUpwardAdjacencies = 0.24 sec
interpolateExtrudedFaces = 0.01 sec
interpolatePeriodicFaces = 0.00 sec
addPeripheralFaces = 0.00 sec
replicateMovingRegions = 0.00 sec
splitFluidSolidInterfaces = 0.00 sec
removeUnreferencedVertices = 0.00 sec
Time to write model = 0.01 sec
Time to write mesh = 0.15 sec
Time to write GBI = 0.63 sec
Time to free model entity memory = 0.00 sec
Time to delete database = 0.09 sec
