[17:46:48] Cannot find a flags file
[17:46:48] Loading qm files
[17:46:48] System language is English
[17:46:49] Completed pre-event loop tasks in 0.995 sec
[17:46:49] Start processing tasks
[17:46:49] Starting task: Clt::InitializationTasks::initializeMainWindowUI
[17:46:49] Creating main view...
[17:46:49] Creating actions...
[17:46:49] Creating quick widgets...
[17:46:49] Creating panel...
[17:46:49] Creating status bar...
[17:46:49] Creating tool bar...
[17:46:49] Initializing menu...
[17:46:49] Task finished in 0.221 sec
[17:46:49] Starting task: Clt::InitializationTasks::initializeApplicationFrame
[17:46:50] Task finished in 0.777 sec
[17:46:50] Starting task: Clt::InitializationTasks::initializeWebServices
[17:46:52] Task finished in 1.972 sec
[17:46:52] Starting task: Clt::InitializationTasks::initializeAirLook
[17:46:54] Task finished in 1.5 sec
[17:46:54] Starting task: Clt::InitializationTasks::initializeServerGroup
[17:47:20] Task finished in 26.131 sec
[17:47:20] Starting task: Clt::InitializationTasks::initializeHelpManager
[17:47:20] Task finished in 0 sec
[17:47:20] Starting task: Clt::InitializationTasks::setMainWindowUIState
[17:47:20] Task finished in 0.171 sec
[17:47:20] Starting task: Clt::InitializationTasks::assignShortcuts
[17:47:20] Task finished in 0 sec
[17:47:20] Starting task: Clt::InitializationTasks::initializeScriptJobEvents
[17:47:20] Task finished in 0.002 sec
[17:47:20] Starting task: Clt::InitializationTasks::initializeGAT
[17:47:20] Task finished in 0 sec
[17:47:20] Starting task: Clt::InitializationTasks::createGeoMeshMessageHandler
[17:47:20] Task finished in 0.004 sec
[17:47:20] Starting task: Clt::InitializationTasks::initializeLicensing
[17:47:20] Creating license manager...
[17:47:20] Initializing license manager...
[17:47:21] Checking out UI license...
[17:47:21] Authorizing CFD UI...
[17:47:24] Checking out Motion license...
[17:47:24] Authorizing CFD Motion...
[17:47:28] Releasing CFD Motion...
[17:47:28] License path is
[17:47:28] Task finished in 7.497 sec
[17:47:28] Starting task: Clt::InitializationTasks::checkForLicensingError
[17:47:28] Task finished in 0 sec
[17:47:28] Starting task: Clt::InitializationTasks::showMainWindow
[17:47:28] Loading layout...
[17:47:28] Task finished in 0.156 sec
[17:47:28] Starting task: Clt::InitializationTasks::readyForLicensingUI
[17:47:28] Task finished in 0.091 sec
[17:47:28] Starting task: Clt::InitializationTasks::hideSplashScreen
[17:47:28] Task finished in 0.001 sec
[17:47:28] Starting task: Clt::InitializationTasks::initializeCustomResults
[17:47:28] Task finished in 0 sec
[17:47:28] Starting task: Clt::InitializationTasks::handleExternalLaunchFromCAD
[17:47:28] Task finished in 0 sec
[17:47:28] Starting task: Clt::InitializationTasks::initializePythonHooks
[17:47:28] Loading CFD resource file...
[17:47:28] Task finished in 0.118 sec
[17:47:28] Starting task: Clt::InitializationTasks::runScript
[17:47:28] Task finished in 0 sec
[17:47:28] Finished processing tasks in 39.203 sec
[17:49:10] CFD Motion is not authorized, nothing to release
[17:52:04] Analysis::writeGBIFile = 0 sec
[17:52:04] Analysis::exportJobFiles = 0.007 sec
[17:52:04] Nose Cone/Design 1/Scenario 1 job started at Thu Jun 18 17:52:04 2020 on EEPC
[17:52:04] Nose Cone/Design 1/Scenario 1 mesher started at Thu Jun 18 17:52:04 2020 on EEPC
[17:52:20] Nose Cone/Design 1/Scenario 1 mesher finished at Thu Jun 18 17:52:20 2020 on EEPC with code = 0
[17:52:20] Analysis::importMesherFiles = 0.028 sec
[17:52:21] CADModel::loadGeometryDatabase = 0.798 sec
[17:52:21] Mesher finished copying files
[17:52:21] Nose Cone/Design 1/Scenario 1 solver started at Thu Jun 18 17:52:20 2020 on EEPC
[17:52:29] getJobUpdate start
[17:52:30] VizDataInterface::getBoundaryFEData = 0.126 sec
[17:52:30] VizDataInterface::setupWallOutlineData = 0.01 sec
[17:52:30] VizDataInterface::getBoundaryFEData = 0.133 sec
[17:52:30] VizDataInterface::setupWallOutlineData = 0.01 sec
[17:52:30] getJobUpdate finished
[17:52:37] getJobUpdate start
[17:52:37] getJobUpdate finished
[17:52:40] getJobUpdate start
[17:52:40] getJobUpdate finished
[17:52:44] getJobUpdate start
[17:52:44] getJobUpdate finished
[17:52:47] getJobUpdate start
[17:52:47] getJobUpdate finished
[17:52:50] getJobUpdate start
[17:52:51] getJobUpdate finished
[17:52:54] getJobUpdate start
[17:52:54] getJobUpdate finished
[17:53:02] getJobUpdate start
[17:53:02] getJobUpdate finished
[17:53:06] getJobUpdate start
[17:53:06] getJobUpdate finished
[17:53:09] getJobUpdate start
[17:53:09] getJobUpdate finished
[17:53:13] getJobUpdate start
[17:53:13] getJobUpdate finished
[17:53:21] Nose Cone/Design 1/Scenario 1 solver finished at Thu Jun 18 17:53:21 2020 on EEPC with code = 0
[17:53:21] Analysis::importSolverFiles = 0.24 sec
[17:53:21] VizDataInterface::getBoundaryFEData = 0.107 sec
[17:53:21] VizDataInterface::setupWallOutlineData = 0.009 sec
[17:53:22] Nose Cone/Design 1/Scenario 1 job finished at Thu Jun 18 17:53:21 2020 on EEPC
[17:55:23] Analysis::writeGBIFile = 0.894 sec
[17:55:23] Analysis::exportJobFiles = 0.007 sec
[17:55:23] Nose Cone/Design 1/Scenario 1 job started at Thu Jun 18 17:55:23 2020 on EEPC
[17:55:24] Nose Cone/Design 1/Scenario 1 solver started at Thu Jun 18 17:55:24 2020 on EEPC
[17:55:35] getJobUpdate start
[17:55:36] CADModel::loadGeometryDatabase = 0.478 sec
[17:55:36] VizDataInterface::getBoundaryFEData = 0.088 sec
[17:55:36] VizDataInterface::setupWallOutlineData = 0.008 sec
[17:55:36] getJobUpdate finished
[17:55:44] getJobUpdate start
[17:55:44] getJobUpdate finished
[17:55:47] getJobUpdate start
[17:55:47] getJobUpdate finished
[17:55:51] getJobUpdate start
[17:55:51] getJobUpdate finished
[17:55:56] getJobUpdate start
[17:55:56] getJobUpdate finished
[17:56:00] getJobUpdate start
[17:56:01] getJobUpdate finished
[17:56:04] getJobUpdate start
[17:56:04] getJobUpdate finished
[17:56:07] getJobUpdate start
[17:56:07] getJobUpdate finished
[17:56:09] getJobUpdate start
[17:56:09] getJobUpdate finished
[17:56:12] getJobUpdate start
[17:56:12] getJobUpdate finished
[17:56:15] getJobUpdate start
[17:56:15] getJobUpdate finished
[17:56:18] getJobUpdate start
[17:56:18] getJobUpdate finished
[17:56:21] getJobUpdate start
[17:56:22] getJobUpdate finished
[17:56:25] getJobUpdate start
[17:56:25] getJobUpdate finished
[17:56:28] getJobUpdate start
[17:56:28] getJobUpdate finished
[17:56:31] getJobUpdate start
[17:56:31] getJobUpdate finished
[17:56:35] getJobUpdate start
[17:56:35] getJobUpdate finished
[17:56:39] getJobUpdate start
[17:56:39] getJobUpdate finished
[17:56:42] getJobUpdate start
[17:56:42] getJobUpdate finished
[17:56:45] getJobUpdate start
[17:56:45] getJobUpdate finished
[17:56:49] getJobUpdate start
[17:56:49] getJobUpdate finished
[17:56:53] getJobUpdate start
[17:56:53] getJobUpdate finished
[17:57:08] getJobUpdate start
[17:57:08] getJobUpdate finished
[17:57:13] getJobUpdate start
[17:57:13] getJobUpdate finished
[17:57:17] getJobUpdate start
[17:57:17] getJobUpdate finished
[17:57:20] getJobUpdate start
[17:57:20] getJobUpdate finished
[17:57:24] getJobUpdate start
[17:57:24] getJobUpdate finished
[17:57:27] getJobUpdate start
[17:57:27] getJobUpdate finished
[17:57:31] getJobUpdate start
[17:57:31] getJobUpdate finished
[17:57:34] getJobUpdate start
[17:57:34] getJobUpdate finished
[17:57:37] getJobUpdate start
[17:57:37] getJobUpdate finished
[17:57:41] getJobUpdate start
[17:57:41] getJobUpdate finished
[17:57:44] getJobUpdate start
[17:57:44] getJobUpdate finished
[17:57:47] getJobUpdate start
[17:57:48] getJobUpdate finished
[17:57:51] getJobUpdate start
[17:57:51] getJobUpdate finished
[17:57:54] getJobUpdate start
[17:57:54] getJobUpdate finished
[17:57:58] getJobUpdate start
[17:57:58] getJobUpdate finished
[17:58:02] getJobUpdate start
[17:58:02] getJobUpdate finished
[17:58:05] getJobUpdate start
[17:58:05] getJobUpdate finished
[17:58:08] getJobUpdate start
[17:58:08] getJobUpdate finished
[17:58:12] getJobUpdate start
[17:58:12] getJobUpdate finished
[17:58:15] getJobUpdate start
[17:58:15] getJobUpdate finished
[17:58:18] getJobUpdate start
[17:58:18] getJobUpdate finished
[17:58:22] getJobUpdate start
[17:58:22] getJobUpdate finished
[17:58:25] getJobUpdate start
[17:58:25] getJobUpdate finished
[17:58:28] getJobUpdate start
[17:58:28] getJobUpdate finished
[17:58:32] getJobUpdate start
[17:58:32] getJobUpdate finished
[17:58:35] getJobUpdate start
[17:58:35] getJobUpdate finished
[17:58:38] getJobUpdate start
[17:58:38] getJobUpdate finished
[17:58:41] getJobUpdate start
[17:58:42] getJobUpdate finished
[17:58:45] getJobUpdate start
[17:58:45] getJobUpdate finished
[17:58:48] getJobUpdate start
[17:58:48] getJobUpdate finished
[17:58:52] getJobUpdate start
[17:58:52] getJobUpdate finished
[17:58:55] getJobUpdate start
[17:58:55] getJobUpdate finished
[17:58:58] getJobUpdate start
[17:58:59] getJobUpdate finished
[17:59:02] getJobUpdate start
[17:59:02] getJobUpdate finished
[17:59:05] getJobUpdate start
[17:59:05] getJobUpdate finished
[17:59:09] getJobUpdate start
[17:59:09] getJobUpdate finished
[17:59:12] getJobUpdate start
[17:59:12] getJobUpdate finished
[17:59:16] getJobUpdate start
[17:59:16] getJobUpdate finished
[17:59:19] getJobUpdate start
[17:59:19] getJobUpdate finished
[17:59:22] getJobUpdate start
[17:59:23] getJobUpdate finished
[17:59:26] getJobUpdate start
[17:59:26] getJobUpdate finished
[17:59:30] getJobUpdate start
[17:59:30] getJobUpdate finished
[17:59:33] getJobUpdate start
[17:59:33] getJobUpdate finished
[17:59:37] getJobUpdate start
[17:59:37] getJobUpdate finished
[17:59:40] getJobUpdate start
[17:59:41] getJobUpdate finished
[17:59:44] getJobUpdate start
[17:59:44] getJobUpdate finished
[17:59:47] getJobUpdate start
[17:59:47] getJobUpdate finished
[17:59:51] getJobUpdate start
[17:59:51] getJobUpdate finished
[17:59:54] getJobUpdate start
[17:59:54] getJobUpdate finished
[17:59:58] getJobUpdate start
[17:59:58] getJobUpdate finished
[18:00:01] getJobUpdate start
[18:00:02] getJobUpdate finished
[18:00:07] getJobUpdate start
[18:00:07] getJobUpdate finished
[18:00:13] getJobUpdate start
[18:00:13] getJobUpdate finished
[18:00:18] getJobUpdate start
[18:00:18] getJobUpdate finished
[18:00:23] getJobUpdate start
[18:00:23] getJobUpdate finished
[18:00:28] getJobUpdate start
[18:00:28] getJobUpdate finished
[18:00:32] getJobUpdate start
[18:00:32] getJobUpdate finished
[18:00:36] getJobUpdate start
[18:00:36] getJobUpdate finished
[18:00:39] getJobUpdate start
[18:00:39] getJobUpdate finished
[18:00:42] getJobUpdate start
[18:00:43] getJobUpdate finished
[18:00:46] getJobUpdate start
[18:00:46] getJobUpdate finished
[18:00:49] getJobUpdate start
[18:00:49] getJobUpdate finished
[18:00:52] getJobUpdate start
[18:00:53] getJobUpdate finished
[18:00:56] getJobUpdate start
[18:00:56] getJobUpdate finished
[18:01:00] getJobUpdate start
[18:01:00] getJobUpdate finished
[18:01:04] getJobUpdate start
[18:01:04] getJobUpdate finished
[18:01:08] getJobUpdate start
[18:01:08] getJobUpdate finished
[18:01:11] getJobUpdate start
[18:01:11] getJobUpdate finished
[18:01:15] getJobUpdate start
[18:01:15] getJobUpdate finished
[18:01:18] getJobUpdate start
[18:01:18] getJobUpdate finished
[18:01:22] getJobUpdate start
[18:01:22] getJobUpdate finished
[18:01:25] getJobUpdate start
[18:01:25] getJobUpdate finished
[18:01:29] getJobUpdate start
[18:01:29] getJobUpdate finished
[18:01:32] getJobUpdate start
[18:01:32] getJobUpdate finished
[18:01:36] getJobUpdate start
[18:01:36] getJobUpdate finished
[18:01:40] getJobUpdate start
[18:01:40] getJobUpdate finished
[18:01:44] getJobUpdate start
[18:01:44] getJobUpdate finished
[18:01:47] getJobUpdate start
[18:01:48] getJobUpdate finished
[18:01:51] getJobUpdate start
[18:01:52] getJobUpdate finished
[18:01:55] getJobUpdate start
[18:01:55] getJobUpdate finished
[18:01:59] getJobUpdate start
[18:01:59] getJobUpdate finished
[18:02:02] getJobUpdate start
[18:02:02] getJobUpdate finished
[18:02:06] getJobUpdate start
[18:02:06] getJobUpdate finished
[18:02:09] getJobUpdate start
[18:02:10] getJobUpdate finished
[18:02:13] getJobUpdate start
[18:02:13] getJobUpdate finished
[18:02:16] getJobUpdate start
[18:02:16] getJobUpdate finished
[18:02:20] getJobUpdate start
[18:02:20] getJobUpdate finished
[18:02:23] getJobUpdate start
[18:02:23] getJobUpdate finished
[18:02:27] getJobUpdate start
[18:02:27] getJobUpdate finished
[18:02:31] getJobUpdate start
[18:02:31] getJobUpdate finished
[18:02:34] getJobUpdate start
[18:02:34] getJobUpdate finished
[18:02:38] getJobUpdate start
[18:02:38] getJobUpdate finished
[18:02:41] getJobUpdate start
[18:02:41] getJobUpdate finished
[18:02:45] getJobUpdate start
[18:02:45] getJobUpdate finished
[18:02:49] getJobUpdate start
[18:02:49] getJobUpdate finished
[18:02:52] getJobUpdate start
[18:02:53] getJobUpdate finished
[18:02:56] getJobUpdate start
[18:02:56] getJobUpdate finished
[18:03:00] getJobUpdate start
[18:03:00] getJobUpdate finished
[18:03:04] getJobUpdate start
[18:03:05] getJobUpdate finished
[18:03:07] getJobUpdate start
[18:03:07] getJobUpdate finished
[18:03:10] getJobUpdate start
[18:03:11] getJobUpdate finished
[18:03:14] getJobUpdate start
[18:03:14] getJobUpdate finished
[18:03:17] getJobUpdate start
[18:03:18] getJobUpdate finished
[18:03:21] getJobUpdate start
[18:03:21] getJobUpdate finished
[18:03:24] getJobUpdate start
[18:03:24] getJobUpdate finished
[18:03:27] getJobUpdate start
[18:03:28] getJobUpdate finished
[18:03:31] getJobUpdate start
[18:03:31] getJobUpdate finished
[18:03:34] getJobUpdate start
[18:03:34] getJobUpdate finished
[18:03:38] getJobUpdate start
[18:03:38] getJobUpdate finished
[18:03:41] getJobUpdate start
[18:03:41] getJobUpdate finished
[18:03:45] getJobUpdate start
[18:03:45] getJobUpdate finished
[18:03:49] getJobUpdate start
[18:03:50] getJobUpdate finished
[18:03:53] getJobUpdate start
[18:03:53] getJobUpdate finished
[18:03:58] getJobUpdate start
[18:03:58] getJobUpdate finished
[18:04:03] getJobUpdate start
[18:04:03] getJobUpdate finished
[18:04:07] getJobUpdate start
[18:04:07] getJobUpdate finished
[18:04:12] getJobUpdate start
[18:04:12] getJobUpdate finished
[18:04:15] getJobUpdate start
[18:04:15] getJobUpdate finished
[18:04:19] getJobUpdate start
[18:04:19] getJobUpdate finished
[18:04:23] getJobUpdate start
[18:04:23] getJobUpdate finished
[18:04:26] getJobUpdate start
[18:04:26] getJobUpdate finished
[18:04:29] getJobUpdate start
[18:04:29] getJobUpdate finished
[18:04:33] getJobUpdate start
[18:04:33] getJobUpdate finished
[18:04:36] getJobUpdate start
[18:04:37] getJobUpdate finished
[18:04:40] getJobUpdate start
[18:04:40] getJobUpdate finished
[18:04:43] getJobUpdate start
[18:04:43] getJobUpdate finished
[18:04:46] getJobUpdate start
[18:04:47] getJobUpdate finished
[18:04:50] getJobUpdate start
[18:04:50] getJobUpdate finished
[18:04:53] getJobUpdate start
[18:04:53] getJobUpdate finished
[18:04:56] getJobUpdate start
[18:04:56] getJobUpdate finished
[18:05:00] getJobUpdate start
[18:05:00] getJobUpdate finished
[18:05:03] getJobUpdate start
[18:05:03] getJobUpdate finished
[18:05:06] getJobUpdate start
[18:05:07] getJobUpdate finished
[18:05:10] getJobUpdate start
[18:05:10] getJobUpdate finished
[18:05:13] getJobUpdate start
[18:05:13] getJobUpdate finished
[18:05:17] getJobUpdate start
[18:05:17] getJobUpdate finished
[18:05:20] getJobUpdate start
[18:05:20] getJobUpdate finished
[18:05:24] getJobUpdate start
[18:05:24] getJobUpdate finished
[18:05:29] getJobUpdate start
[18:05:29] getJobUpdate finished
[18:05:35] getJobUpdate start
[18:05:35] getJobUpdate finished
[18:05:39] getJobUpdate start
[18:05:39] getJobUpdate finished
[18:05:43] getJobUpdate start
[18:05:43] getJobUpdate finished
[18:05:48] getJobUpdate start
[18:05:48] getJobUpdate finished
[18:05:52] getJobUpdate start
[18:05:52] getJobUpdate finished
[18:05:56] getJobUpdate start
[18:05:56] getJobUpdate finished
[18:06:00] getJobUpdate start
[18:06:00] getJobUpdate finished
[18:06:05] getJobUpdate start
[18:06:05] getJobUpdate finished
[18:06:09] getJobUpdate start
[18:06:10] getJobUpdate finished
[18:06:14] getJobUpdate start
[18:06:14] getJobUpdate finished
[18:06:19] getJobUpdate start
[18:06:19] getJobUpdate finished
[18:06:23] getJobUpdate start
[18:06:24] getJobUpdate finished
[18:06:28] getJobUpdate start
[18:06:28] getJobUpdate finished
[18:06:32] getJobUpdate start
[18:06:32] getJobUpdate finished
[18:06:36] getJobUpdate start
[18:06:37] getJobUpdate finished
[18:06:41] getJobUpdate start
[18:06:41] getJobUpdate finished
[18:06:46] getJobUpdate start
[18:06:46] getJobUpdate finished
[18:06:51] getJobUpdate start
[18:06:51] getJobUpdate finished
[18:06:57] getJobUpdate start
[18:06:57] getJobUpdate finished
[18:07:02] getJobUpdate start
[18:07:02] getJobUpdate finished
[18:07:07] getJobUpdate start
[18:07:07] getJobUpdate finished
[18:07:12] getJobUpdate start
[18:07:12] getJobUpdate finished
[18:07:17] getJobUpdate start
[18:07:17] getJobUpdate finished
[18:07:21] getJobUpdate start
[18:07:22] getJobUpdate finished
[18:07:26] getJobUpdate start
[18:07:26] getJobUpdate finished
[18:07:30] getJobUpdate start
[18:07:30] getJobUpdate finished
[18:07:34] getJobUpdate start
[18:07:34] getJobUpdate finished
[18:07:38] getJobUpdate start
[18:07:38] getJobUpdate finished
[18:07:42] getJobUpdate start
[18:07:43] getJobUpdate finished
[18:07:46] getJobUpdate start
[18:07:47] getJobUpdate finished
[18:07:50] getJobUpdate start
[18:07:50] getJobUpdate finished
[18:07:54] getJobUpdate start
[18:07:54] getJobUpdate finished
[18:07:58] getJobUpdate start
[18:07:58] getJobUpdate finished
[18:08:02] getJobUpdate start
[18:08:02] getJobUpdate finished
[18:08:06] getJobUpdate start
[18:08:06] getJobUpdate finished
[18:08:10] getJobUpdate start
[18:08:10] getJobUpdate finished
[18:08:14] getJobUpdate start
[18:08:14] getJobUpdate finished
[18:08:18] getJobUpdate start
[18:08:18] getJobUpdate finished
[18:08:22] getJobUpdate start
[18:08:23] getJobUpdate finished
[18:08:27] getJobUpdate start
[18:08:27] getJobUpdate finished
[18:08:31] getJobUpdate start
[18:08:31] getJobUpdate finished
[18:08:36] getJobUpdate start
[18:08:36] getJobUpdate finished
[18:08:40] getJobUpdate start
[18:08:40] getJobUpdate finished
[18:08:45] getJobUpdate start
[18:08:45] getJobUpdate finished
[18:08:49] getJobUpdate start
[18:08:49] getJobUpdate finished
[18:08:53] getJobUpdate start
[18:08:53] getJobUpdate finished
[18:08:58] getJobUpdate start
[18:08:58] getJobUpdate finished
[18:09:03] getJobUpdate start
[18:09:03] getJobUpdate finished
[18:09:06] getJobUpdate start
[18:09:07] getJobUpdate finished
[18:09:11] getJobUpdate start
[18:09:11] getJobUpdate finished
[18:09:15] getJobUpdate start
[18:09:15] getJobUpdate finished
[18:09:19] getJobUpdate start
[18:09:19] getJobUpdate finished
[18:09:24] getJobUpdate start
[18:09:24] getJobUpdate finished
[18:09:28] getJobUpdate start
[18:09:28] getJobUpdate finished
[18:09:33] getJobUpdate start
[18:09:33] getJobUpdate finished
[18:09:38] getJobUpdate start
[18:09:38] getJobUpdate finished
[18:09:41] getJobUpdate start
[18:09:41] getJobUpdate finished
[18:09:45] getJobUpdate start
[18:09:45] getJobUpdate finished
[18:09:48] getJobUpdate start
[18:09:48] getJobUpdate finished
[18:09:51] getJobUpdate start
[18:09:52] getJobUpdate finished
[18:09:55] getJobUpdate start
[18:09:55] getJobUpdate finished
[18:09:59] getJobUpdate start
[18:09:59] getJobUpdate finished
[18:10:02] getJobUpdate start
[18:10:02] getJobUpdate finished
[18:10:06] getJobUpdate start
[18:10:06] getJobUpdate finished
[18:10:09] getJobUpdate start
[18:10:09] getJobUpdate finished
[18:10:13] getJobUpdate start
[18:10:13] getJobUpdate finished
[18:10:16] getJobUpdate start
[18:10:16] getJobUpdate finished
[18:10:19] getJobUpdate start
[18:10:20] getJobUpdate finished
[18:10:23] getJobUpdate start
[18:10:23] getJobUpdate finished
[18:10:26] getJobUpdate start
[18:10:26] getJobUpdate finished
[18:10:30] getJobUpdate start
[18:10:30] getJobUpdate finished
[18:10:33] getJobUpdate start
[18:10:33] getJobUpdate finished
[18:10:37] getJobUpdate start
[18:10:37] getJobUpdate finished
[18:10:40] getJobUpdate start
[18:10:40] getJobUpdate finished
[18:10:43] getJobUpdate start
[18:10:43] getJobUpdate finished
[18:10:47] getJobUpdate start
[18:10:47] getJobUpdate finished
[18:10:50] getJobUpdate start
[18:10:50] getJobUpdate finished
[18:10:54] getJobUpdate start
[18:10:54] getJobUpdate finished
[18:10:57] getJobUpdate start
[18:10:57] getJobUpdate finished
[18:11:01] getJobUpdate start
[18:11:01] getJobUpdate finished
[18:11:05] getJobUpdate start
[18:11:05] getJobUpdate finished
[18:11:08] getJobUpdate start
[18:11:08] getJobUpdate finished
[18:11:11] getJobUpdate start
[18:11:12] getJobUpdate finished
[18:11:15] getJobUpdate start
[18:11:15] getJobUpdate finished
[18:11:18] getJobUpdate start
[18:11:18] getJobUpdate finished
[18:11:22] getJobUpdate start
[18:11:22] getJobUpdate finished
[18:11:25] getJobUpdate start
[18:11:25] getJobUpdate finished
[18:11:29] getJobUpdate start
[18:11:29] getJobUpdate finished
[18:11:32] getJobUpdate start
[18:11:32] getJobUpdate finished
[18:11:36] getJobUpdate start
[18:11:36] getJobUpdate finished
[18:11:39] getJobUpdate start
[18:11:39] getJobUpdate finished
[18:11:42] getJobUpdate start
[18:11:43] getJobUpdate finished
[18:11:46] getJobUpdate start
[18:11:46] getJobUpdate finished
[18:11:49] getJobUpdate start
[18:11:49] getJobUpdate finished
[18:11:53] getJobUpdate start
[18:11:53] getJobUpdate finished
[18:11:56] getJobUpdate start
[18:11:56] getJobUpdate finished
[18:12:00] getJobUpdate start
[18:12:00] getJobUpdate finished
[18:12:03] getJobUpdate start
[18:12:03] getJobUpdate finished
[18:12:07] getJobUpdate start
[18:12:07] getJobUpdate finished
[18:12:10] getJobUpdate start
[18:12:10] getJobUpdate finished
[18:12:14] getJobUpdate start
[18:12:14] getJobUpdate finished
[18:12:18] getJobUpdate start
[18:12:18] getJobUpdate finished
[18:12:21] getJobUpdate start
[18:12:21] getJobUpdate finished
[18:12:25] getJobUpdate start
[18:12:25] getJobUpdate finished
[18:12:29] getJobUpdate start
[18:12:29] getJobUpdate finished
[18:12:33] getJobUpdate start
[18:12:33] getJobUpdate finished
[18:12:36] getJobUpdate start
[18:12:36] getJobUpdate finished
[18:12:40] getJobUpdate start
[18:12:40] getJobUpdate finished
[18:12:43] getJobUpdate start
[18:12:43] getJobUpdate finished
[18:12:47] getJobUpdate start
[18:12:47] getJobUpdate finished
[18:12:50] getJobUpdate start
[18:12:50] getJobUpdate finished
[18:12:53] getJobUpdate start
[18:12:53] getJobUpdate finished
[18:12:57] getJobUpdate start
[18:12:57] getJobUpdate finished
[18:13:00] getJobUpdate start
[18:13:00] getJobUpdate finished
[18:13:03] getJobUpdate start
[18:13:04] getJobUpdate finished
[18:13:07] getJobUpdate start
[18:13:07] getJobUpdate finished
[18:13:10] getJobUpdate start
[18:13:10] getJobUpdate finished
[18:13:14] getJobUpdate start
[18:13:14] getJobUpdate finished
[18:13:17] getJobUpdate start
[18:13:17] getJobUpdate finished
[18:13:21] getJobUpdate start
[18:13:21] getJobUpdate finished
[18:13:24] getJobUpdate start
[18:13:24] getJobUpdate finished
[18:13:27] getJobUpdate start
[18:13:28] getJobUpdate finished
[18:13:31] getJobUpdate start
[18:13:31] getJobUpdate finished
[18:13:34] getJobUpdate start
[18:13:34] getJobUpdate finished
[18:13:37] getJobUpdate start
[18:13:38] getJobUpdate finished
[18:13:41] getJobUpdate start
[18:13:41] getJobUpdate finished
[18:13:45] getJobUpdate start
[18:13:45] getJobUpdate finished
[18:13:49] getJobUpdate start
[18:13:49] getJobUpdate finished
[18:13:53] getJobUpdate start
[18:13:53] getJobUpdate finished
[18:13:56] getJobUpdate start
[18:13:56] getJobUpdate finished
[18:13:59] getJobUpdate start
[18:14:00] getJobUpdate finished
[18:14:03] getJobUpdate start
[18:14:03] getJobUpdate finished
[18:14:06] getJobUpdate start
[18:14:06] getJobUpdate finished
[18:14:10] getJobUpdate start
[18:14:10] getJobUpdate finished
[18:14:13] getJobUpdate start
[18:14:13] getJobUpdate finished
[18:14:16] getJobUpdate start
[18:14:17] getJobUpdate finished
[18:14:20] getJobUpdate start
[18:14:20] getJobUpdate finished
[18:14:23] getJobUpdate start
[18:14:24] getJobUpdate finished
[18:14:27] getJobUpdate start
[18:14:27] getJobUpdate finished
[18:14:31] getJobUpdate start
[18:14:31] getJobUpdate finished
[18:14:35] getJobUpdate start
[18:14:35] getJobUpdate finished
[18:14:39] getJobUpdate start
[18:14:39] getJobUpdate finished
[18:14:42] Nose Cone/Design 1/Scenario 1 solver finished at Thu Jun 18 18:14:42 2020 on EEPC with code = 0
[18:14:46] Analysis::importSolverFiles = 3.813 sec
[18:14:46] VizDataInterface::getBoundaryFEData = 0.084 sec
[18:14:46] VizDataInterface::setupWallOutlineData = 0.007 sec
[18:14:46] Nose Cone/Design 1/Scenario 1 job finished at Thu Jun 18 18:14:43 2020 on EEPC
[18:17:33] CFD Motion is not authorized, nothing to release
[18:17:34] CFD Motion is not authorized, nothing to release
[18:17:46] External fragmentation is 0.170649
[18:17:46] Internal fragmentation is 0.0036408
[18:17:46] External fragmentation is 0
[18:17:46] Internal fragmentation is 0.0340291
[18:17:53] External fragmentation is 0.170649
[18:17:53] Internal fragmentation is 0.00364077
[18:18:15] Analysis::writeGBIFile = 0 sec
[18:18:15] Analysis::exportJobFiles = 0.006 sec
[18:18:15] Nose Cone/Nose Cone/Aerodynamics job started at Thu Jun 18 18:18:15 2020 on EEPC
[18:18:18] Nose Cone/Nose Cone/Aerodynamics mesher started at Thu Jun 18 18:18:18 2020 on EEPC
[18:18:34] Nose Cone/Nose Cone/Aerodynamics mesher finished at Thu Jun 18 18:18:34 2020 on EEPC with code = 0
[18:18:34] Analysis::importMesherFiles = 0.233 sec
[18:18:35] CADModel::loadGeometryDatabase = 0.464 sec
[18:18:35] Mesher finished copying files
[18:18:35] Nose Cone/Nose Cone/Aerodynamics solver started at Thu Jun 18 18:18:35 2020 on EEPC
[18:18:46] getJobUpdate start
[18:18:46] VizDataInterface::getBoundaryFEData = 0.105 sec
[18:18:46] VizDataInterface::setupWallOutlineData = 0.008 sec
[18:18:47] VizDataInterface::getBoundaryFEData = 0.096 sec
[18:18:47] VizDataInterface::setupWallOutlineData = 0.008 sec
[18:18:47] getJobUpdate finished
[18:18:51] getJobUpdate start
[18:18:51] getJobUpdate finished
[18:18:54] getJobUpdate start
[18:18:54] getJobUpdate finished
[18:18:57] getJobUpdate start
[18:18:57] getJobUpdate finished
[18:18:59] getJobUpdate start
[18:18:59] getJobUpdate finished
[18:19:01] getJobUpdate start
[18:19:01] getJobUpdate finished
[18:19:04] getJobUpdate start
[18:19:04] getJobUpdate finished
[18:19:06] getJobUpdate start
[18:19:06] getJobUpdate finished
[18:19:09] getJobUpdate start
[18:19:09] getJobUpdate finished
[18:19:12] getJobUpdate start
[18:19:12] getJobUpdate finished
[18:19:14] getJobUpdate start
[18:19:15] getJobUpdate finished
[18:19:18] getJobUpdate start
[18:19:18] getJobUpdate finished
[18:19:22] getJobUpdate start
[18:19:22] getJobUpdate finished
[18:19:28] Nose Cone/Nose Cone/Aerodynamics solver finished at Thu Jun 18 18:19:28 2020 on EEPC with code = 0
[18:19:29] Analysis::importSolverFiles = 1.54 sec
[18:19:30] VizDataInterface::getBoundaryFEData = 0.09 sec
[18:19:30] VizDataInterface::setupWallOutlineData = 0.009 sec
[18:19:30] Nose Cone/Nose Cone/Aerodynamics job finished at Thu Jun 18 18:19:28 2020 on EEPC
[18:21:21] Analysis::writeGBIFile = 0.674 sec
[18:21:21] Analysis::exportJobFiles = 0.006 sec
[18:21:21] Nose Cone/Nose Cone/Aerodynamics job started at Thu Jun 18 18:21:21 2020 on EEPC
[18:21:22] Nose Cone/Nose Cone/Aerodynamics solver started at Thu Jun 18 18:21:21 2020 on EEPC
[18:21:30] getJobUpdate start
[18:21:31] CADModel::loadGeometryDatabase = 0.457 sec
[18:21:31] VizDataInterface::getBoundaryFEData = 0.083 sec
[18:21:31] VizDataInterface::setupWallOutlineData = 0.007 sec
[18:21:31] getJobUpdate finished
[18:21:35] getJobUpdate start
[18:21:36] getJobUpdate finished
[18:21:38] getJobUpdate start
[18:21:38] getJobUpdate finished
[18:21:41] getJobUpdate start
[18:21:41] getJobUpdate finished
[18:21:43] getJobUpdate start
[18:21:43] getJobUpdate finished
[18:21:46] getJobUpdate start
[18:21:46] getJobUpdate finished
[18:21:48] getJobUpdate start
[18:21:48] getJobUpdate finished
[18:21:50] getJobUpdate start
[18:21:51] getJobUpdate finished
[18:21:53] getJobUpdate start
[18:21:53] getJobUpdate finished
[18:21:56] getJobUpdate start
[18:21:56] getJobUpdate finished
[18:21:58] getJobUpdate start
[18:21:58] getJobUpdate finished
[18:22:01] getJobUpdate start
[18:22:01] getJobUpdate finished
[18:22:04] getJobUpdate start
[18:22:05] getJobUpdate finished
[18:22:08] getJobUpdate start
[18:22:08] getJobUpdate finished
[18:22:11] getJobUpdate start
[18:22:11] getJobUpdate finished
[18:22:14] getJobUpdate start
[18:22:14] getJobUpdate finished
[18:22:18] getJobUpdate start
[18:22:18] getJobUpdate finished
[18:22:21] getJobUpdate start
[18:22:21] getJobUpdate finished
[18:22:24] getJobUpdate start
[18:22:25] getJobUpdate finished
[18:22:28] getJobUpdate start
[18:22:28] getJobUpdate finished
[18:22:31] getJobUpdate start
[18:22:31] getJobUpdate finished
[18:22:36] getJobUpdate start
[18:22:36] getJobUpdate finished
[18:22:39] getJobUpdate start
[18:22:39] getJobUpdate finished
[18:22:42] getJobUpdate start
[18:22:43] getJobUpdate finished
[18:22:46] getJobUpdate start
[18:22:46] getJobUpdate finished
[18:22:50] getJobUpdate start
[18:22:50] getJobUpdate finished
[18:22:54] getJobUpdate start
[18:22:54] getJobUpdate finished
[18:22:58] getJobUpdate start
[18:22:58] getJobUpdate finished
[18:23:03] getJobUpdate start
[18:23:03] getJobUpdate finished
[18:23:07] getJobUpdate start
[18:23:07] getJobUpdate finished
[18:23:10] getJobUpdate start
[18:23:10] getJobUpdate finished
[18:23:14] getJobUpdate start
[18:23:14] getJobUpdate finished
[18:23:17] getJobUpdate start
[18:23:17] getJobUpdate finished
[18:23:21] getJobUpdate start
[18:23:21] getJobUpdate finished
[18:23:26] getJobUpdate start
[18:23:26] getJobUpdate finished
[18:23:30] getJobUpdate start
[18:23:30] getJobUpdate finished
[18:23:33] getJobUpdate start
[18:23:33] getJobUpdate finished
[18:23:36] getJobUpdate start
[18:23:37] getJobUpdate finished
[18:23:40] getJobUpdate start
[18:23:40] getJobUpdate finished
[18:23:43] getJobUpdate start
[18:23:43] getJobUpdate finished
[18:23:46] getJobUpdate start
[18:23:46] getJobUpdate finished
[18:23:49] getJobUpdate start
[18:23:50] getJobUpdate finished
[18:23:53] getJobUpdate start
[18:23:53] getJobUpdate finished
[18:23:56] getJobUpdate start
[18:23:56] getJobUpdate finished
[18:23:59] getJobUpdate start
[18:24:00] getJobUpdate finished
[18:24:03] getJobUpdate start
[18:24:03] getJobUpdate finished
[18:24:06] getJobUpdate start
[18:24:06] getJobUpdate finished
[18:24:09] getJobUpdate start
[18:24:09] getJobUpdate finished
[18:24:12] getJobUpdate start
[18:24:12] getJobUpdate finished
[18:24:15] getJobUpdate start
[18:24:16] getJobUpdate finished
[18:24:19] getJobUpdate start
[18:24:19] getJobUpdate finished
[18:24:22] getJobUpdate start
[18:24:22] getJobUpdate finished
[18:24:25] getJobUpdate start
[18:24:25] getJobUpdate finished
[18:24:28] getJobUpdate start
[18:24:29] getJobUpdate finished
[18:24:32] getJobUpdate start
[18:24:32] getJobUpdate finished
[18:24:35] getJobUpdate start
[18:24:35] getJobUpdate finished
[18:24:39] getJobUpdate start
[18:24:39] getJobUpdate finished
[18:24:42] getJobUpdate start
[18:24:42] getJobUpdate finished
[18:24:45] getJobUpdate start
[18:24:45] getJobUpdate finished
[18:24:48] getJobUpdate start
[18:24:48] getJobUpdate finished
[18:24:52] getJobUpdate start
[18:24:52] getJobUpdate finished
[18:24:55] getJobUpdate start
[18:24:55] getJobUpdate finished
[18:24:59] getJobUpdate start
[18:24:59] getJobUpdate finished
[18:25:02] getJobUpdate start
[18:25:02] getJobUpdate finished
[18:25:06] getJobUpdate start
[18:25:06] getJobUpdate finished
[18:25:09] getJobUpdate start
[18:25:09] getJobUpdate finished
[18:25:13] getJobUpdate start
[18:25:13] getJobUpdate finished
[18:25:17] getJobUpdate start
[18:25:17] getJobUpdate finished
[18:25:20] getJobUpdate start
[18:25:20] getJobUpdate finished
[18:25:24] getJobUpdate start
[18:25:24] getJobUpdate finished
[18:25:27] getJobUpdate start
[18:25:27] getJobUpdate finished
[18:25:30] getJobUpdate start
[18:25:31] getJobUpdate finished
[18:25:34] getJobUpdate start
[18:25:34] getJobUpdate finished
[18:25:37] getJobUpdate start
[18:25:37] getJobUpdate finished
[18:25:41] getJobUpdate start
[18:25:41] getJobUpdate finished
[18:25:45] getJobUpdate start
[18:25:45] getJobUpdate finished
[18:25:48] getJobUpdate start
[18:25:48] getJobUpdate finished
[18:25:51] getJobUpdate start
[18:25:51] getJobUpdate finished
[18:25:54] getJobUpdate start
[18:25:54] getJobUpdate finished
[18:25:58] getJobUpdate start
[18:25:58] getJobUpdate finished
[18:26:01] getJobUpdate start
[18:26:01] getJobUpdate finished
[18:26:05] getJobUpdate start
[18:26:05] getJobUpdate finished
[18:26:08] getJobUpdate start
[18:26:08] getJobUpdate finished
[18:26:12] getJobUpdate start
[18:26:12] getJobUpdate finished
[18:26:15] getJobUpdate start
[18:26:15] getJobUpdate finished
[18:26:18] getJobUpdate start
[18:26:18] getJobUpdate finished
[18:26:22] getJobUpdate start
[18:26:22] getJobUpdate finished
[18:26:25] getJobUpdate start
[18:26:25] getJobUpdate finished
[18:26:29] getJobUpdate start
[18:26:29] getJobUpdate finished
[18:26:32] getJobUpdate start
[18:26:32] getJobUpdate finished
[18:26:35] getJobUpdate start
[18:26:35] getJobUpdate finished
[18:26:38] getJobUpdate start
[18:26:39] getJobUpdate finished
[18:26:42] getJobUpdate start
[18:26:42] getJobUpdate finished
[18:26:46] getJobUpdate start
[18:26:46] getJobUpdate finished
[18:26:49] getJobUpdate start
[18:26:49] getJobUpdate finished
[18:26:53] getJobUpdate start
[18:26:53] getJobUpdate finished
[18:26:56] getJobUpdate start
[18:26:56] getJobUpdate finished
[18:26:59] getJobUpdate start
[18:26:59] getJobUpdate finished
[18:27:03] getJobUpdate start
[18:27:03] getJobUpdate finished
[18:27:06] getJobUpdate start
[18:27:06] getJobUpdate finished
[18:27:09] getJobUpdate start
[18:27:09] getJobUpdate finished
[18:27:13] getJobUpdate start
[18:27:13] getJobUpdate finished
[18:27:16] getJobUpdate start
[18:27:16] getJobUpdate finished
[18:27:19] getJobUpdate start
[18:27:20] getJobUpdate finished
[18:27:23] getJobUpdate start
[18:27:23] getJobUpdate finished
[18:27:26] getJobUpdate start
[18:27:26] getJobUpdate finished
[18:27:29] getJobUpdate start
[18:27:29] getJobUpdate finished
[18:27:33] getJobUpdate start
[18:27:33] getJobUpdate finished
[18:27:36] getJobUpdate start
[18:27:36] getJobUpdate finished
[18:27:39] getJobUpdate start
[18:27:39] getJobUpdate finished
[18:27:42] getJobUpdate start
[18:27:43] getJobUpdate finished
[18:27:46] getJobUpdate start
[18:27:46] getJobUpdate finished
[18:27:49] getJobUpdate start
[18:27:49] getJobUpdate finished
[18:27:52] getJobUpdate start
[18:27:52] getJobUpdate finished
[18:27:55] getJobUpdate start
[18:27:55] getJobUpdate finished
[18:27:59] getJobUpdate start
[18:27:59] getJobUpdate finished
[18:28:02] getJobUpdate start
[18:28:02] getJobUpdate finished
[18:28:06] getJobUpdate start
[18:28:06] getJobUpdate finished
[18:28:09] getJobUpdate start
[18:28:09] getJobUpdate finished
[18:28:12] getJobUpdate start
[18:28:12] getJobUpdate finished
[18:28:15] getJobUpdate start
[18:28:15] getJobUpdate finished
[18:28:19] getJobUpdate start
[18:28:19] getJobUpdate finished
[18:28:22] getJobUpdate start
[18:28:22] getJobUpdate finished
[18:28:25] getJobUpdate start
[18:28:25] getJobUpdate finished
[18:28:28] getJobUpdate start
[18:28:28] getJobUpdate finished
[18:28:32] getJobUpdate start
[18:28:32] getJobUpdate finished
[18:28:35] getJobUpdate start
[18:28:35] getJobUpdate finished
[18:28:38] getJobUpdate start
[18:28:38] getJobUpdate finished
[18:28:41] getJobUpdate start
[18:28:41] getJobUpdate finished
[18:28:44] getJobUpdate start
[18:28:45] getJobUpdate finished
[18:28:47] getJobUpdate start
[18:28:48] getJobUpdate finished
[18:28:50] getJobUpdate start
[18:28:51] getJobUpdate finished
[18:28:54] getJobUpdate start
[18:28:54] getJobUpdate finished
[18:28:57] getJobUpdate start
[18:28:57] getJobUpdate finished
[18:29:00] getJobUpdate start
[18:29:00] getJobUpdate finished
[18:29:03] getJobUpdate start
[18:29:03] getJobUpdate finished
[18:29:06] getJobUpdate start
[18:29:06] getJobUpdate finished
[18:29:09] getJobUpdate start
[18:29:10] getJobUpdate finished
[18:29:13] getJobUpdate start
[18:29:13] getJobUpdate finished
[18:29:16] getJobUpdate start
[18:29:16] getJobUpdate finished
[18:29:19] getJobUpdate start
[18:29:19] getJobUpdate finished
[18:29:23] getJobUpdate start
[18:29:23] getJobUpdate finished
[18:29:26] getJobUpdate start
[18:29:26] getJobUpdate finished
[18:29:29] getJobUpdate start
[18:29:29] getJobUpdate finished
[18:29:33] getJobUpdate start
[18:29:33] getJobUpdate finished
[18:29:36] getJobUpdate start
[18:29:36] getJobUpdate finished
[18:29:39] getJobUpdate start
[18:29:39] getJobUpdate finished
[18:29:42] getJobUpdate start
[18:29:42] getJobUpdate finished
[18:29:46] getJobUpdate start
[18:29:46] getJobUpdate finished
[18:29:49] getJobUpdate start
[18:29:49] getJobUpdate finished
[18:29:52] getJobUpdate start
[18:29:52] getJobUpdate finished
[18:29:55] getJobUpdate start
[18:29:55] getJobUpdate finished
[18:29:58] getJobUpdate start
[18:29:58] getJobUpdate finished
[18:30:02] getJobUpdate start
[18:30:02] getJobUpdate finished
[18:30:05] getJobUpdate start
[18:30:05] getJobUpdate finished
[18:30:08] getJobUpdate start
[18:30:08] getJobUpdate finished
[18:30:11] getJobUpdate start
[18:30:11] getJobUpdate finished
[18:30:15] getJobUpdate start
[18:30:15] getJobUpdate finished
[18:30:18] getJobUpdate start
[18:30:18] getJobUpdate finished
[18:30:21] getJobUpdate start
[18:30:21] getJobUpdate finished
[18:30:24] getJobUpdate start
[18:30:24] getJobUpdate finished
[18:30:27] getJobUpdate start
[18:30:27] getJobUpdate finished
[18:30:31] getJobUpdate start
[18:30:31] getJobUpdate finished
[18:30:34] getJobUpdate start
[18:30:34] getJobUpdate finished
[18:30:37] getJobUpdate start
[18:30:37] getJobUpdate finished
[18:30:40] getJobUpdate start
[18:30:41] getJobUpdate finished
[18:30:44] getJobUpdate start
[18:30:44] getJobUpdate finished
[18:30:47] getJobUpdate start
[18:30:47] getJobUpdate finished
[18:30:50] getJobUpdate start
[18:30:50] getJobUpdate finished
[18:30:54] getJobUpdate start
[18:30:54] getJobUpdate finished
[18:30:57] getJobUpdate start
[18:30:57] getJobUpdate finished
[18:31:00] getJobUpdate start
[18:31:00] getJobUpdate finished
[18:31:03] getJobUpdate start
[18:31:03] getJobUpdate finished
[18:31:06] getJobUpdate start
[18:31:06] getJobUpdate finished
[18:31:09] getJobUpdate start
[18:31:09] getJobUpdate finished
[18:31:13] getJobUpdate start
[18:31:13] getJobUpdate finished
[18:31:16] getJobUpdate start
[18:31:16] getJobUpdate finished
[18:31:19] getJobUpdate start
[18:31:19] getJobUpdate finished
[18:31:22] getJobUpdate start
[18:31:22] getJobUpdate finished
[18:31:25] getJobUpdate start
[18:31:25] getJobUpdate finished
[18:31:28] getJobUpdate start
[18:31:28] getJobUpdate finished
[18:31:31] getJobUpdate start
[18:31:31] getJobUpdate finished
[18:31:35] getJobUpdate start
[18:31:35] getJobUpdate finished
[18:31:38] getJobUpdate start
[18:31:38] getJobUpdate finished
[18:31:41] getJobUpdate start
[18:31:41] getJobUpdate finished
[18:31:44] getJobUpdate start
[18:31:44] getJobUpdate finished
[18:31:47] getJobUpdate start
[18:31:47] getJobUpdate finished
[18:31:51] getJobUpdate start
[18:31:51] getJobUpdate finished
[18:31:54] getJobUpdate start
[18:31:54] getJobUpdate finished
[18:31:57] getJobUpdate start
[18:31:57] getJobUpdate finished
[18:32:00] getJobUpdate start
[18:32:00] getJobUpdate finished
[18:32:03] getJobUpdate start
[18:32:03] getJobUpdate finished
[18:32:07] getJobUpdate start
[18:32:07] getJobUpdate finished
[18:32:10] getJobUpdate start
[18:32:10] getJobUpdate finished
[18:32:13] getJobUpdate start
[18:32:13] getJobUpdate finished
[18:32:16] getJobUpdate start
[18:32:16] getJobUpdate finished
[18:32:20] getJobUpdate start
[18:32:20] getJobUpdate finished
[18:32:23] getJobUpdate start
[18:32:23] getJobUpdate finished
[18:32:26] getJobUpdate start
[18:32:26] getJobUpdate finished
[18:32:29] getJobUpdate start
[18:32:29] getJobUpdate finished
[18:32:32] getJobUpdate start
[18:32:32] getJobUpdate finished
[18:32:35] getJobUpdate start
[18:32:35] getJobUpdate finished
[18:32:38] getJobUpdate start
[18:32:38] getJobUpdate finished
[18:32:41] getJobUpdate start
[18:32:41] getJobUpdate finished
[18:32:45] getJobUpdate start
[18:32:45] getJobUpdate finished
[18:32:48] getJobUpdate start
[18:32:48] getJobUpdate finished
[18:32:51] getJobUpdate start
[18:32:51] getJobUpdate finished
[18:32:54] getJobUpdate start
[18:32:54] getJobUpdate finished
[18:32:57] getJobUpdate start
[18:32:57] getJobUpdate finished
[18:33:00] getJobUpdate start
[18:33:00] getJobUpdate finished
[18:33:03] getJobUpdate start
[18:33:03] getJobUpdate finished
[18:33:06] getJobUpdate start
[18:33:07] getJobUpdate finished
[18:33:10] getJobUpdate start
[18:33:10] getJobUpdate finished
[18:33:13] getJobUpdate start
[18:33:13] getJobUpdate finished
[18:33:16] getJobUpdate start
[18:33:16] getJobUpdate finished
[18:33:19] getJobUpdate start
[18:33:19] getJobUpdate finished
[18:33:23] getJobUpdate start
[18:33:23] getJobUpdate finished
[18:33:26] getJobUpdate start
[18:33:26] getJobUpdate finished
[18:33:29] getJobUpdate start
[18:33:30] getJobUpdate finished
[18:33:33] getJobUpdate start
[18:33:33] getJobUpdate finished
[18:33:36] getJobUpdate start
[18:33:36] getJobUpdate finished
[18:33:39] getJobUpdate start
[18:33:39] getJobUpdate finished
[18:33:43] getJobUpdate start
[18:33:43] getJobUpdate finished
[18:33:46] getJobUpdate start
[18:33:46] getJobUpdate finished
[18:33:49] getJobUpdate start
[18:33:49] getJobUpdate finished
[18:33:52] getJobUpdate start
[18:33:52] getJobUpdate finished
[18:33:56] getJobUpdate start
[18:33:56] getJobUpdate finished
[18:33:59] getJobUpdate start
[18:33:59] getJobUpdate finished
[18:34:02] getJobUpdate start
[18:34:02] getJobUpdate finished
[18:34:06] getJobUpdate start
[18:34:06] getJobUpdate finished
[18:34:09] getJobUpdate start
[18:34:09] getJobUpdate finished
[18:34:12] getJobUpdate start
[18:34:12] getJobUpdate finished
[18:34:15] getJobUpdate start
[18:34:15] getJobUpdate finished
[18:34:18] getJobUpdate start
[18:34:18] getJobUpdate finished
[18:34:21] getJobUpdate start
[18:34:21] getJobUpdate finished
[18:34:25] getJobUpdate start
[18:34:25] getJobUpdate finished
[18:34:29] getJobUpdate start
[18:34:29] getJobUpdate finished
[18:34:33] getJobUpdate start
[18:34:33] getJobUpdate finished
[18:34:37] getJobUpdate start
[18:34:37] getJobUpdate finished
[18:34:40] getJobUpdate start
[18:34:40] getJobUpdate finished
[18:34:43] getJobUpdate start
[18:34:43] getJobUpdate finished
[18:34:46] getJobUpdate start
[18:34:46] getJobUpdate finished
[18:34:49] getJobUpdate start
[18:34:49] getJobUpdate finished
[18:34:52] getJobUpdate start
[18:34:53] getJobUpdate finished
[18:34:56] getJobUpdate start
[18:34:56] getJobUpdate finished
[18:35:00] getJobUpdate start
[18:35:00] getJobUpdate finished
[18:35:05] getJobUpdate start
[18:35:05] getJobUpdate finished
[18:35:09] getJobUpdate start
[18:35:09] getJobUpdate finished
[18:35:13] getJobUpdate start
[18:35:13] getJobUpdate finished
[18:35:16] getJobUpdate start
[18:35:16] getJobUpdate finished
[18:35:20] getJobUpdate start
[18:35:20] getJobUpdate finished
[18:35:23] getJobUpdate start
[18:35:23] getJobUpdate finished
[18:35:27] getJobUpdate start
[18:35:27] getJobUpdate finished
[18:35:31] getJobUpdate start
[18:35:31] getJobUpdate finished
[18:35:35] getJobUpdate start
[18:35:35] getJobUpdate finished
[18:35:39] getJobUpdate start
[18:35:39] getJobUpdate finished
[18:35:42] getJobUpdate start
[18:35:42] getJobUpdate finished
[18:35:45] getJobUpdate start
[18:35:45] getJobUpdate finished
[18:35:48] getJobUpdate start
[18:35:49] getJobUpdate finished
[18:35:52] getJobUpdate start
[18:35:52] getJobUpdate finished
[18:35:55] getJobUpdate start
[18:35:56] getJobUpdate finished
[18:35:59] getJobUpdate start
[18:35:59] getJobUpdate finished
[18:36:03] getJobUpdate start
[18:36:03] getJobUpdate finished
[18:36:06] getJobUpdate start
[18:36:06] getJobUpdate finished
[18:36:09] getJobUpdate start
[18:36:09] getJobUpdate finished
[18:36:12] getJobUpdate start
[18:36:13] getJobUpdate finished
[18:36:16] getJobUpdate start
[18:36:16] getJobUpdate finished
[18:36:19] getJobUpdate start
[18:36:19] getJobUpdate finished
[18:36:22] getJobUpdate start
[18:36:22] getJobUpdate finished
[18:36:26] getJobUpdate start
[18:36:26] getJobUpdate finished
[18:36:29] getJobUpdate start
[18:36:29] getJobUpdate finished
[18:36:32] getJobUpdate start
[18:36:32] getJobUpdate finished
[18:36:35] getJobUpdate start
[18:36:35] getJobUpdate finished
[18:36:41] getJobUpdate start
[18:36:41] getJobUpdate finished
[18:36:45] getJobUpdate start
[18:36:46] getJobUpdate finished
[18:36:49] getJobUpdate start
[18:36:49] getJobUpdate finished
[18:36:52] getJobUpdate start
[18:36:52] getJobUpdate finished
[18:36:55] getJobUpdate start
[18:36:55] getJobUpdate finished
[18:36:58] getJobUpdate start
[18:36:59] getJobUpdate finished
[18:37:02] getJobUpdate start
[18:37:02] getJobUpdate finished
[18:37:05] getJobUpdate start
[18:37:05] getJobUpdate finished
[18:37:09] getJobUpdate start
[18:37:09] getJobUpdate finished
[18:37:12] getJobUpdate start
[18:37:12] getJobUpdate finished
[18:37:15] getJobUpdate start
[18:37:15] getJobUpdate finished
[18:37:18] getJobUpdate start
[18:37:18] getJobUpdate finished
[18:37:22] getJobUpdate start
[18:37:22] getJobUpdate finished
[18:37:25] getJobUpdate start
[18:37:25] getJobUpdate finished
[18:37:28] getJobUpdate start
[18:37:28] getJobUpdate finished
[18:37:32] getJobUpdate start
[18:37:32] getJobUpdate finished
[18:37:35] getJobUpdate start
[18:37:35] getJobUpdate finished
[18:37:38] getJobUpdate start
[18:37:38] getJobUpdate finished
[18:37:41] getJobUpdate start
[18:37:41] getJobUpdate finished
[18:37:44] getJobUpdate start
[18:37:45] getJobUpdate finished
[18:37:48] getJobUpdate start
[18:37:48] getJobUpdate finished
[18:37:51] getJobUpdate start
[18:37:51] getJobUpdate finished
[18:37:55] getJobUpdate start
[18:37:55] getJobUpdate finished
[18:37:58] getJobUpdate start
[18:37:58] getJobUpdate finished
[18:38:02] getJobUpdate start
[18:38:02] getJobUpdate finished
[18:38:06] getJobUpdate start
[18:38:06] getJobUpdate finished
[18:38:10] getJobUpdate start
[18:38:10] getJobUpdate finished
[18:38:12] Nose Cone/Nose Cone/Aerodynamics solver finished at Thu Jun 18 18:38:12 2020 on EEPC with code = 0
[18:38:12] Analysis::importSolverFiles = 0.083 sec
[18:38:12] VizDataInterface::getBoundaryFEData = 0.085 sec
[18:38:12] VizDataInterface::setupWallOutlineData = 0.008 sec
[18:38:13] Nose Cone/Nose Cone/Aerodynamics job finished at Thu Jun 18 18:38:12 2020 on EEPC
[18:42:39] Analysis::exportJobFiles = 0.079 sec
[18:42:39] Nose Cone/Nose Cone/Aerodynamics job started at Thu Jun 18 18:42:39 2020 on EEPC
[18:42:40] Nose Cone/Nose Cone/Aerodynamics solver started at Thu Jun 18 18:42:40 2020 on EEPC
[18:42:44] getJobUpdate start
[18:42:45] VizDataInterface::getBoundaryFEData = 0.093 sec
[18:42:45] VizDataInterface::setupWallOutlineData = 0.01 sec
[18:42:45] getJobUpdate finished
[18:42:50] getJobUpdate start
[18:42:50] getJobUpdate finished
[18:42:53] getJobUpdate start
[18:42:54] getJobUpdate finished
[18:42:57] getJobUpdate start
[18:42:57] getJobUpdate finished
[18:42:59] Nose Cone/Nose Cone/Aerodynamics solver finished at Thu Jun 18 18:42:59 2020 on EEPC with code = 0
[18:42:59] Analysis::importSolverFiles = 0.548 sec
[18:43:00] VizDataInterface::getBoundaryFEData = 0.086 sec
[18:43:00] VizDataInterface::setupWallOutlineData = 0.008 sec
[18:43:00] Nose Cone/Nose Cone/Aerodynamics job finished at Thu Jun 18 18:42:59 2020 on EEPC
[18:54:48] Analysis::exportJobFiles = 0.083 sec
[18:54:49] Nose Cone/Nose Cone/Aerodynamics job started at Thu Jun 18 18:54:49 2020 on EEPC
[18:54:49] Nose Cone/Nose Cone/Aerodynamics solver started at Thu Jun 18 18:54:49 2020 on EEPC
[18:54:54] getJobUpdate start
[18:54:54] VizDataInterface::getBoundaryFEData = 0.103 sec
[18:54:54] VizDataInterface::setupWallOutlineData = 0.008 sec
[18:54:54] getJobUpdate finished
[18:54:59] getJobUpdate start
[18:55:00] getJobUpdate finished
[18:55:03] getJobUpdate start
[18:55:03] getJobUpdate finished
[18:55:06] getJobUpdate start
[18:55:06] getJobUpdate finished
[18:55:08] Nose Cone/Nose Cone/Aerodynamics solver finished at Thu Jun 18 18:55:08 2020 on EEPC with code = 0
[18:55:09] Analysis::importSolverFiles = 0.113 sec
[18:55:10] VizDataInterface::getBoundaryFEData = 0.083 sec
[18:55:10] VizDataInterface::setupWallOutlineData = 0.007 sec
[18:55:10] Nose Cone/Nose Cone/Aerodynamics job finished at Thu Jun 18 18:55:08 2020 on EEPC
[18:56:19] Analysis::exportJobFiles = 0.072 sec
[18:56:19] Nose Cone/Nose Cone/Aerodynamics job started at Thu Jun 18 18:56:19 2020 on EEPC
[18:56:19] Nose Cone/Nose Cone/Aerodynamics solver started at Thu Jun 18 18:56:19 2020 on EEPC
[18:56:24] getJobUpdate start
[18:56:25] VizDataInterface::getBoundaryFEData = 0.098 sec
[18:56:25] VizDataInterface::setupWallOutlineData = 0.011 sec
[18:56:25] getJobUpdate finished
[18:56:30] getJobUpdate start
[18:56:30] getJobUpdate finished
[18:56:33] getJobUpdate start
[18:56:33] getJobUpdate finished
[18:56:37] getJobUpdate start
[18:56:37] getJobUpdate finished
[18:56:40] Nose Cone/Nose Cone/Aerodynamics solver finished at Thu Jun 18 18:56:40 2020 on EEPC with code = 0
[18:56:40] Analysis::importSolverFiles = 0.088 sec
[18:56:41] VizDataInterface::getBoundaryFEData = 0.084 sec
[18:56:41] VizDataInterface::setupWallOutlineData = 0.01 sec
[18:56:41] Nose Cone/Nose Cone/Aerodynamics job finished at Thu Jun 18 18:56:40 2020 on EEPC
[18:57:23] Analysis::exportJobFiles = 0.075 sec
[18:57:23] Nose Cone/Nose Cone/Aerodynamics job started at Thu Jun 18 18:57:23 2020 on EEPC
[18:57:24] Nose Cone/Nose Cone/Aerodynamics solver started at Thu Jun 18 18:57:24 2020 on EEPC
[18:57:30] getJobUpdate start
[18:57:30] VizDataInterface::getBoundaryFEData = 0.098 sec
[18:57:30] VizDataInterface::setupWallOutlineData = 0.009 sec
[18:57:31] getJobUpdate finished
[18:57:37] getJobUpdate start
[18:57:37] getJobUpdate finished
[18:57:40] getJobUpdate start
[18:57:40] getJobUpdate finished
[18:57:44] getJobUpdate start
[18:57:44] getJobUpdate finished
[18:57:47] Nose Cone/Nose Cone/Aerodynamics solver finished at Thu Jun 18 18:57:47 2020 on EEPC with code = 0
[18:57:47] Analysis::importSolverFiles = 0.089 sec
[18:57:48] VizDataInterface::getBoundaryFEData = 0.086 sec
[18:57:48] VizDataInterface::setupWallOutlineData = 0.008 sec
[18:57:48] Nose Cone/Nose Cone/Aerodynamics job finished at Thu Jun 18 18:57:47 2020 on EEPC
[18:58:03] Analysis::writeGBIFile = 0.667 sec
[18:58:03] Analysis::exportJobFiles = 0.006 sec
[18:58:03] Nose Cone/Nose Cone/Aerodynamics job started at Thu Jun 18 18:58:03 2020 on EEPC
[18:58:03] Nose Cone/Nose Cone/Aerodynamics solver started at Thu Jun 18 18:58:03 2020 on EEPC
[18:58:10] getJobUpdate start
[18:58:11] CADModel::loadGeometryDatabase = 0.52 sec
[18:58:11] VizDataInterface::getBoundaryFEData = 0.115 sec
[18:58:11] VizDataInterface::setupWallOutlineData = 0.014 sec
[18:58:12] getJobUpdate finished
[18:58:15] getJobUpdate start
[18:58:15] getJobUpdate finished
[18:58:17] getJobUpdate start
[18:58:17] getJobUpdate finished
[18:58:20] getJobUpdate start
[18:58:20] getJobUpdate finished
[18:58:22] getJobUpdate start
[18:58:22] getJobUpdate finished
[18:58:24] getJobUpdate start
[18:58:24] getJobUpdate finished
[18:58:26] getJobUpdate start
[18:58:27] getJobUpdate finished
[18:58:29] getJobUpdate start
[18:58:29] getJobUpdate finished
[18:58:31] getJobUpdate start
[18:58:31] getJobUpdate finished
[18:58:33] getJobUpdate start
[18:58:33] getJobUpdate finished
[18:58:36] getJobUpdate start
[18:58:36] getJobUpdate finished
[18:58:39] getJobUpdate start
[18:58:39] getJobUpdate finished
[18:58:42] getJobUpdate start
[18:58:42] getJobUpdate finished
[18:58:45] getJobUpdate start
[18:58:45] getJobUpdate finished
[18:58:49] getJobUpdate start
[18:58:49] getJobUpdate finished
[18:58:52] getJobUpdate start
[18:58:52] getJobUpdate finished
[18:58:55] getJobUpdate start
[18:58:55] getJobUpdate finished
[18:58:58] getJobUpdate start
[18:58:59] getJobUpdate finished
[18:59:02] getJobUpdate start
[18:59:02] getJobUpdate finished
[18:59:05] getJobUpdate start
[18:59:05] getJobUpdate finished
[18:59:08] getJobUpdate start
[18:59:08] getJobUpdate finished
[18:59:11] getJobUpdate start
[18:59:11] getJobUpdate finished
[18:59:15] getJobUpdate start
[18:59:15] getJobUpdate finished
[18:59:18] getJobUpdate start
[18:59:18] getJobUpdate finished
[18:59:21] getJobUpdate start
[18:59:21] getJobUpdate finished
[18:59:24] getJobUpdate start
[18:59:24] getJobUpdate finished
[18:59:27] getJobUpdate start
[18:59:28] getJobUpdate finished
[18:59:31] getJobUpdate start
[18:59:31] getJobUpdate finished
[18:59:34] getJobUpdate start
[18:59:34] getJobUpdate finished
[18:59:37] getJobUpdate start
[18:59:37] getJobUpdate finished
[18:59:40] getJobUpdate start
[18:59:40] getJobUpdate finished
[18:59:43] getJobUpdate start
[18:59:43] getJobUpdate finished
[18:59:46] getJobUpdate start
[18:59:46] getJobUpdate finished
[18:59:49] getJobUpdate start
[18:59:49] getJobUpdate finished
[18:59:52] getJobUpdate start
[18:59:52] getJobUpdate finished
[18:59:56] getJobUpdate start
[18:59:56] getJobUpdate finished
[18:59:59] getJobUpdate start
[18:59:59] getJobUpdate finished
[19:00:02] getJobUpdate start
[19:00:02] getJobUpdate finished
[19:00:05] getJobUpdate start
[19:00:06] getJobUpdate finished
[19:00:09] getJobUpdate start
[19:00:09] getJobUpdate finished
[19:00:12] getJobUpdate start
[19:00:12] getJobUpdate finished
[19:00:16] getJobUpdate start
[19:00:16] getJobUpdate finished
[19:00:19] getJobUpdate start
[19:00:19] getJobUpdate finished
[19:00:22] getJobUpdate start
[19:00:22] getJobUpdate finished
[19:00:25] getJobUpdate start
[19:00:26] getJobUpdate finished
[19:00:29] getJobUpdate start
[19:00:29] getJobUpdate finished
[19:00:32] getJobUpdate start
[19:00:32] getJobUpdate finished
[19:00:35] getJobUpdate start
[19:00:36] getJobUpdate finished
[19:00:39] getJobUpdate start
[19:00:39] getJobUpdate finished
[19:00:42] getJobUpdate start
[19:00:42] getJobUpdate finished
[19:00:45] getJobUpdate start
[19:00:45] getJobUpdate finished
[19:00:48] getJobUpdate start
[19:00:48] getJobUpdate finished
[19:00:51] getJobUpdate start
[19:00:52] getJobUpdate finished
[19:00:55] getJobUpdate start
[19:00:55] getJobUpdate finished
[19:00:58] getJobUpdate start
[19:00:58] getJobUpdate finished
[19:01:02] getJobUpdate start
[19:01:02] getJobUpdate finished
[19:01:05] getJobUpdate start
[19:01:05] getJobUpdate finished
[19:01:08] getJobUpdate start
[19:01:08] getJobUpdate finished
[19:01:11] getJobUpdate start
[19:01:11] getJobUpdate finished
[19:01:14] getJobUpdate start
[19:01:14] getJobUpdate finished
[19:01:18] getJobUpdate start
[19:01:18] getJobUpdate finished
[19:01:21] getJobUpdate start
[19:01:22] getJobUpdate finished
[19:01:25] getJobUpdate start
[19:01:25] getJobUpdate finished
[19:01:28] getJobUpdate start
[19:01:28] getJobUpdate finished
[19:01:31] getJobUpdate start
[19:01:31] getJobUpdate finished
[19:01:34] getJobUpdate start
[19:01:35] getJobUpdate finished
[19:01:38] getJobUpdate start
[19:01:38] getJobUpdate finished
[19:01:41] getJobUpdate start
[19:01:41] getJobUpdate finished
[19:01:44] getJobUpdate start
[19:01:44] getJobUpdate finished
[19:01:47] getJobUpdate start
[19:01:47] getJobUpdate finished
[19:01:50] getJobUpdate start
[19:01:50] getJobUpdate finished
[19:01:53] getJobUpdate start
[19:01:53] getJobUpdate finished
[19:01:56] getJobUpdate start
[19:01:57] getJobUpdate finished
[19:02:00] getJobUpdate start
[19:02:00] getJobUpdate finished
[19:02:04] getJobUpdate start
[19:02:04] getJobUpdate finished
[19:02:07] getJobUpdate start
[19:02:07] getJobUpdate finished
[19:02:10] getJobUpdate start
[19:02:10] getJobUpdate finished
[19:02:13] getJobUpdate start
[19:02:14] getJobUpdate finished
[19:02:17] getJobUpdate start
[19:02:17] getJobUpdate finished
[19:02:20] getJobUpdate start
[19:02:20] getJobUpdate finished
[19:02:23] getJobUpdate start
[19:02:23] getJobUpdate finished
[19:02:27] getJobUpdate start
[19:02:27] getJobUpdate finished
[19:02:30] getJobUpdate start
[19:02:30] getJobUpdate finished
[19:02:33] getJobUpdate start
[19:02:33] getJobUpdate finished
[19:02:36] getJobUpdate start
[19:02:36] getJobUpdate finished
[19:02:39] getJobUpdate start
[19:02:39] getJobUpdate finished
[19:02:42] getJobUpdate start
[19:02:42] getJobUpdate finished
[19:02:45] getJobUpdate start
[19:02:45] getJobUpdate finished
[19:02:48] getJobUpdate start
[19:02:49] getJobUpdate finished
[19:02:52] getJobUpdate start
[19:02:52] getJobUpdate finished
[19:02:56] getJobUpdate start
[19:02:56] getJobUpdate finished
[19:02:59] getJobUpdate start
[19:02:59] getJobUpdate finished
[19:03:02] getJobUpdate start
[19:03:02] getJobUpdate finished
[19:03:05] getJobUpdate start
[19:03:05] getJobUpdate finished
[19:03:09] getJobUpdate start
[19:03:09] getJobUpdate finished
[19:03:12] getJobUpdate start
[19:03:12] getJobUpdate finished
[19:03:15] getJobUpdate start
[19:03:15] getJobUpdate finished
[19:03:19] getJobUpdate start
[19:03:19] getJobUpdate finished
[19:03:22] getJobUpdate start
[19:03:22] getJobUpdate finished
[19:03:25] getJobUpdate start
[19:03:25] getJobUpdate finished
[19:03:28] getJobUpdate start
[19:03:28] getJobUpdate finished
[19:03:32] getJobUpdate start
[19:03:32] getJobUpdate finished
[19:03:35] getJobUpdate start
[19:03:35] getJobUpdate finished
[19:03:38] getJobUpdate start
[19:03:38] getJobUpdate finished
[19:03:41] getJobUpdate start
[19:03:41] getJobUpdate finished
[19:03:44] getJobUpdate start
[19:03:45] getJobUpdate finished
[19:03:48] getJobUpdate start
[19:03:48] getJobUpdate finished
[19:03:51] getJobUpdate start
[19:03:51] getJobUpdate finished
[19:03:54] getJobUpdate start
[19:03:54] getJobUpdate finished
[19:03:57] getJobUpdate start
[19:03:57] getJobUpdate finished
[19:04:00] getJobUpdate start
[19:04:00] getJobUpdate finished
[19:04:03] getJobUpdate start
[19:04:04] getJobUpdate finished
[19:04:07] getJobUpdate start
[19:04:07] getJobUpdate finished
[19:04:10] getJobUpdate start
[19:04:10] getJobUpdate finished
[19:04:13] getJobUpdate start
[19:04:13] getJobUpdate finished
[19:04:17] getJobUpdate start
[19:04:17] getJobUpdate finished
[19:04:20] getJobUpdate start
[19:04:20] getJobUpdate finished
[19:04:23] getJobUpdate start
[19:04:23] getJobUpdate finished
[19:04:26] getJobUpdate start
[19:04:27] getJobUpdate finished
[19:04:30] getJobUpdate start
[19:04:30] getJobUpdate finished
[19:04:33] getJobUpdate start
[19:04:33] getJobUpdate finished
[19:04:36] getJobUpdate start
[19:04:36] getJobUpdate finished
[19:04:40] getJobUpdate start
[19:04:40] getJobUpdate finished
[19:04:43] getJobUpdate start
[19:04:43] getJobUpdate finished
[19:04:46] getJobUpdate start
[19:04:46] getJobUpdate finished
[19:04:49] getJobUpdate start
[19:04:49] getJobUpdate finished
[19:04:52] getJobUpdate start
[19:04:52] getJobUpdate finished
[19:04:56] getJobUpdate start
[19:04:56] getJobUpdate finished
[19:04:59] getJobUpdate start
[19:04:59] getJobUpdate finished
[19:05:02] getJobUpdate start
[19:05:02] getJobUpdate finished
[19:05:05] getJobUpdate start
[19:05:05] getJobUpdate finished
[19:05:08] getJobUpdate start
[19:05:08] getJobUpdate finished
[19:05:11] getJobUpdate start
[19:05:12] getJobUpdate finished
[19:05:15] getJobUpdate start
[19:05:15] getJobUpdate finished
[19:05:19] getJobUpdate start
[19:05:19] getJobUpdate finished
[19:05:22] getJobUpdate start
[19:05:22] getJobUpdate finished
[19:05:25] getJobUpdate start
[19:05:25] getJobUpdate finished
[19:05:29] getJobUpdate start
[19:05:29] getJobUpdate finished
[19:05:33] getJobUpdate start
[19:05:33] getJobUpdate finished
[19:05:36] getJobUpdate start
[19:05:36] getJobUpdate finished
[19:05:39] getJobUpdate start
[19:05:39] getJobUpdate finished
[19:05:43] getJobUpdate start
[19:05:43] getJobUpdate finished
[19:05:46] getJobUpdate start
[19:05:46] getJobUpdate finished
[19:05:49] getJobUpdate start
[19:05:49] getJobUpdate finished
[19:05:52] getJobUpdate start
[19:05:52] getJobUpdate finished
[19:05:55] getJobUpdate start
[19:05:56] getJobUpdate finished
[19:05:59] getJobUpdate start
[19:05:59] getJobUpdate finished
[19:06:02] getJobUpdate start
[19:06:02] getJobUpdate finished
[19:06:05] getJobUpdate start
[19:06:05] getJobUpdate finished
[19:06:08] getJobUpdate start
[19:06:08] getJobUpdate finished
[19:06:11] getJobUpdate start
[19:06:11] getJobUpdate finished
[19:06:14] getJobUpdate start
[19:06:14] getJobUpdate finished
[19:06:17] getJobUpdate start
[19:06:17] getJobUpdate finished
[19:06:20] getJobUpdate start
[19:06:20] getJobUpdate finished
[19:06:23] getJobUpdate start
[19:06:23] getJobUpdate finished
[19:06:26] getJobUpdate start
[19:06:26] getJobUpdate finished
[19:06:29] getJobUpdate start
[19:06:29] getJobUpdate finished
[19:06:33] getJobUpdate start
[19:06:33] getJobUpdate finished
[19:06:36] getJobUpdate start
[19:06:36] getJobUpdate finished
[19:06:39] getJobUpdate start
[19:06:39] getJobUpdate finished
[19:06:42] getJobUpdate start
[19:06:42] getJobUpdate finished
[19:06:45] getJobUpdate start
[19:06:46] getJobUpdate finished
[19:06:49] getJobUpdate start
[19:06:49] getJobUpdate finished
[19:06:53] getJobUpdate start
[19:06:53] getJobUpdate finished
[19:06:58] Nose Cone/Nose Cone/Aerodynamics solver finished at Thu Jun 18 19:06:58 2020 on EEPC with code = 0
[19:06:58] Analysis::importSolverFiles = 0.064 sec
