[19:09:13] Cannot find a flags file
[19:09:13] Loading qm files
[19:09:13] System language is English
[19:09:14] Completed pre-event loop tasks in 1.02 sec
[19:09:14] Start processing tasks
[19:09:14] Starting task: Clt::InitializationTasks::initializeMainWindowUI
[19:09:14] Creating main view...
[19:09:14] Creating actions...
[19:09:14] Creating quick widgets...
[19:09:14] Creating panel...
[19:09:14] Creating status bar...
[19:09:14] Creating tool bar...
[19:09:14] Initializing menu...
[19:09:14] Task finished in 0.212 sec
[19:09:14] Starting task: Clt::InitializationTasks::initializeApplicationFrame
[19:09:15] Task finished in 0.774 sec
[19:09:15] Starting task: Clt::InitializationTasks::initializeWebServices
[19:09:16] Task finished in 0.915 sec
[19:09:16] Starting task: Clt::InitializationTasks::initializeAirLook
[19:09:18] Task finished in 2.014 sec
[19:09:18] Starting task: Clt::InitializationTasks::initializeServerGroup[1[19:09:44] Task finished in 26.146 sec
[19:09:44] Starting task: Clt::InitializationTasks::initializeHelpManager
[19:09:44] Task finished in 0 sec
[19:09:44] Starting task: Clt::InitializationTasks::setMainWindowUIState
[19:09:44] Task finished in 0.161 sec
[19:09:44] Starting task: Clt::InitializationTasks::assignShortcuts
[19:09:44] Task finished in 0 sec
[19:09:44] Starting task: Clt::InitializationTasks::initializeScriptJobEvents
[19:09:44] Task finished in 0.001 sec
[19:09:44] Starting task: Clt::InitializationTasks::initializeGAT
[19:09:44] Task finished in 0 sec
[19:09:44] Starting task: Clt::InitializationTasks::createGeoMeshMessageHandler
[19:09:44] Task finished in 0.004 sec
[19:09:44] Starting task: Clt::InitializationTasks::initializeLicensing
[19:09:44] Creating license manager...
[19:09:44] Initializing license manager...
[19:09:46] Checking out UI license...
[19:09:46] Authorizing CFD UI...
[19:09:49] Checking out Motion license...
[19:09:49] Authorizing CFD Motion...
[19:09:52] Releasing CFD Motion...
[19:09:52] License path is
[19:09:52] Task finished in 7.807 sec
[19:09:52] Starting task: Clt::InitializationTasks::checkForLicensingError
[19:09:52] Task finished in 0 sec
[19:09:52] Starting task: Clt::InitializationTasks::showMainWindow
[19:09:52] Loading layout...
[19:09:52] Task finished in 0.141 sec
[19:09:52] Starting task: Clt::InitializationTasks::readyForLicensingUI
[19:09:52] Task finished in 0.078 sec
[19:09:53] Starting task: Clt::InitializationTasks::hideSplashScreen
[19:09:53] Task finished in 0 sec
[19:09:53] Starting task: Clt::InitializationTasks::initializeCustomResults
[19:09:53] Task finished in 0 sec
[19:09:53] Starting task: Clt::InitializationTasks::handleExternalLaunchFromCAD
[19:09:53] External fragmentation is 0
[19:09:53] Internal fragmentation is 0.944702
[19:09:53] External fragmentation is 0.357143
[19:09:53] Internal fragmentation is 0.0468565
[19:09:53] External fragmentation is 0.327554
[19:09:53] Internal fragmentation is 0.0036848
[19:09:53] CFD Motion is not authorized, nothing to release
[19:09:54] CADModel::loadGeometryDatabase = 0.617 sec
[19:09:55] VizDataInterface::getBoundaryFEData = 0.103 sec
[19:09:55] VizDataInterface::setupWallOutlineData = 0.007 sec
[19:09:55] Task finished in 2.515 sec
[19:09:56] Starting task: Clt::InitializationTasks::initializePythonHooks
[19:09:56] Loading CFD resource file..[19:12:56] Analysis::writeGBIFile = 0 sec
[19:12:56] Analysis::exportJobFiles = 0.007 sec
[19:12:56] Nose Cone_support/Nose Cone/Aerodynamics job started at Thu Jun 18 19:12:56 2020 on EEPC[19:24:54] Releasing CFD UI...
se Cone/Aerodynamics mesher started at Thu Jun 18 19:12:56 2020 on EEPC
[19:13:08] Nose Cone_support/Nose Cone/Aerodynamics mesher finished at Thu Jun 18 19:13:08 2020 on EEPC with code = 0
[19:13:08] Analysis::importMesherFiles = 0.021 sec
[19:13:09] CADModel::loadGeometryDatabase = 0.477 sec
[19:13:09] Mesher finished copying files
[19:13:09] Nose Cone_support/Nose Cone/Aerodynamics solver started at Thu Jun 18 19:13:09 2020 on EEPC
[19:13:19] getJobUpdate start
[19:13:19] VizDataInterface::getBoundaryFEData = 0.079 sec
[19:13:19] VizDataInterface::setupWallOutlineData = 0.007 sec
[19:13:19] VizDataInterface::getBoundaryFEData = 0.084 sec
[19:13:19] VizDataInterface::setupWallOutlineData = 0.01 sec
[19:13:20] getJobUpdate finished
[19:13:23] getJobUpdate start
[19:13:23] getJobUpdate finished
[19:13:25] getJobUpdate start
[19:13:26] getJobUpdate finished
[19:13:27] getJobUpdate start
[19:13:27] getJobUpdate finished
[19:13:29] getJobUpdate start
[19:13:29] getJobUpdate finished
[19:13:31] getJobUpdate start
[19:13:31] getJobUpdate finished
[19:13:33] getJobUpdate start
[19:13:33] getJobUpdate finished
[19:13:35] getJobUpdate start
[19:13:35] getJobUpdate finished
[19:13:36] getJobUpdate start
[19:13:36] getJobUpdate finished
[19:13:38] getJobUpdate start
[19:13:38] getJobUpdate finished
[19:13:40] getJobUpdate start
[19:13:40] getJobUpdate finished
[19:13:43] getJobUpdate start
[19:13:43] getJobUpdate finished
[19:13:45] getJobUpdate start
[19:13:45] getJobUpdate finished
[19:13:48] getJobUpdate start
[19:13:48] getJobUpdate finished
[19:13:50] getJobUpdate start
[19:13:50] getJobUpdate finished
[19:13:53] getJobUpdate start
[19:13:53] getJobUpdate finished
[19:13:55] getJobUpdate start
[19:13:56] getJobUpdate finished
[19:13:58] getJobUpdate start
[19:13:58] getJobUpdate finished
[19:14:01] getJobUpdate start
[19:14:01] getJobUpdate finished
[19:14:04] getJobUpdate start
[19:14:04] getJobUpdate finished
[19:14:08] Nose Cone_support/Nose Cone/Aerodynamics solver finished at Thu Jun 18 19:14:08 2020 on EEPC with code = 0
[19:14:08] Analysis::importSolverFiles = 0.093 sec
[19:14:09] VizDataInterface::getBoundaryFEData = 0.072 sec
[19:14:09] VizDataInterface::setupWallOutlineData = 0.006 sec
[19:14:09] Nose Cone_support/Nose Cone/Aerodynamics job finished at Thu Jun 18 19:14:08 2020 on EEPC
[19:15:12] Analysis::writeGBIFile = 0.476 sec
[19:15:12] Analysis::exportJobFiles = 0.001 sec
[19:15:12] Nose Cone_support/Nose Cone/Aerodynamics job started at Thu Jun 18 19:15:12 2020 on EEPC
[19:15:12] Nose Cone_support/Nose Cone/Aerodynamics solver started at Thu Jun 18 19:15:12 2020 on EEPC
[19:15:19] getJobUpdate start
[19:15:20] CADModel::loadGeometryDatabase = 0.495 sec
[19:15:20] VizDataInterface::getBoundaryFEData = 0.11 sec
[19:15:20] VizDataInterface::setupWallOutlineData = 0.006 sec
[19:15:20] getJobUpdate finished
[19:15:23] getJobUpdate start
[19:15:23] getJobUpdate finished
[19:15:25] getJobUpdate start
[19:15:25] getJobUpdate finished
[19:15:27] getJobUpdate start
[19:15:27] getJobUpdate finished
[19:15:28] getJobUpdate start
[19:15:29] getJobUpdate finished
[19:15:30] getJobUpdate start
[19:15:30] getJobUpdate finished
[19:15:32] getJobUpdate start
[19:15:32] getJobUpdate finished
[19:15:34] getJobUpdate start
[19:15:34] getJobUpdate finished
[19:15:36] getJobUpdate start
[19:15:36] getJobUpdate finished
[19:15:38] getJobUpdate start
[19:15:38] getJobUpdate finished
[19:15:40] getJobUpdate start
[19:15:40] getJobUpdate finished
[19:15:42] getJobUpdate start
[19:15:42] getJobUpdate finished
[19:15:45] getJobUpdate start
[19:15:45] getJobUpdate finished
[19:15:47] getJobUpdate start
[19:15:47] getJobUpdate finished
[19:15:49] getJobUpdate start
[19:15:49] getJobUpdate finished
[19:15:52] getJobUpdate start
[19:15:52] getJobUpdate finished
[19:15:55] getJobUpdate start
[19:15:55] getJobUpdate finished
[19:15:57] getJobUpdate start
[19:15:57] getJobUpdate finished
[19:15:59] getJobUpdate start
[19:15:59] getJobUpdate finished
[19:16:02] getJobUpdate start
[19:16:02] getJobUpdate finished
[19:16:04] getJobUpdate start
[19:16:04] getJobUpdate finished
[19:16:06] getJobUpdate start
[19:16:06] getJobUpdate finished
[19:16:09] getJobUpdate start
[19:16:09] getJobUpdate finished
[19:16:11] getJobUpdate start
[19:16:11] getJobUpdate finished
[19:16:14] getJobUpdate start
[19:16:14] getJobUpdate finished
[19:16:16] getJobUpdate start
[19:16:16] getJobUpdate finished
[19:16:18] getJobUpdate start
[19:16:18] getJobUpdate finished
[19:16:21] getJobUpdate start
[19:16:21] getJobUpdate finished
[19:16:23] getJobUpdate start
[19:16:23] getJobUpdate finished
[19:16:26] getJobUpdate start
[19:16:26] getJobUpdate finished
[19:16:28] getJobUpdate start
[19:16:28] getJobUpdate finished
[19:16:31] getJobUpdate start
[19:16:31] getJobUpdate finished
[19:16:33] getJobUpdate start
[19:16:33] getJobUpdate finished
[19:16:36] getJobUpdate start
[19:16:36] getJobUpdate finished
[19:16:38] getJobUpdate start
[19:16:38] getJobUpdate finished
[19:16:41] getJobUpdate start
[19:16:41] getJobUpdate finished
[19:16:43] getJobUpdate start
[19:16:43] getJobUpdate finished
[19:16:46] getJobUpdate start
[19:16:46] getJobUpdate finished
[19:16:48] getJobUpdate start
[19:16:48] getJobUpdate finished
[19:16:51] getJobUpdate start
[19:16:51] getJobUpdate finished
[19:16:53] getJobUpdate start
[19:16:53] getJobUpdate finished
[19:16:56] getJobUpdate start
[19:16:56] getJobUpdate finished
[19:16:58] getJobUpdate start
[19:16:58] getJobUpdate finished
[19:17:01] getJobUpdate start
[19:17:01] getJobUpdate finished
[19:17:03] getJobUpdate start
[19:17:03] getJobUpdate finished
[19:17:05] getJobUpdate start
[19:17:05] getJobUpdate finished
[19:17:08] getJobUpdate start
[19:17:08] getJobUpdate finished
[19:17:10] getJobUpdate start
[19:17:10] getJobUpdate finished
[19:17:13] getJobUpdate start
[19:17:13] getJobUpdate finished
[19:17:15] getJobUpdate start
[19:17:15] getJobUpdate finished
[19:17:17] getJobUpdate start
[19:17:17] getJobUpdate finished
[19:17:19] getJobUpdate start
[19:17:19] getJobUpdate finished
[19:17:22] getJobUpdate start
[19:17:22] getJobUpdate finished
[19:17:24] getJobUpdate start
[19:17:25] getJobUpdate finished
[19:17:27] getJobUpdate start
[19:17:27] getJobUpdate finished
[19:17:29] getJobUpdate start
[19:17:29] getJobUpdate finished
[19:17:32] getJobUpdate start
[19:17:32] getJobUpdate finished
[19:17:35] getJobUpdate start
[19:17:35] getJobUpdate finished
[19:17:38] getJobUpdate start
[19:17:38] getJobUpdate finished
[19:17:41] getJobUpdate start
[19:17:41] getJobUpdate finished
[19:17:44] getJobUpdate start
[19:17:44] getJobUpdate finished
[19:17:47] getJobUpdate start
[19:17:47] getJobUpdate finished
[19:17:50] getJobUpdate start
[19:17:50] getJobUpdate finished
[19:17:53] getJobUpdate start
[19:17:53] getJobUpdate finished
[19:17:55] getJobUpdate start
[19:17:55] getJobUpdate finished
[19:17:58] getJobUpdate start
[19:17:58] getJobUpdate finished
[19:18:01] getJobUpdate start
[19:18:01] getJobUpdate finished
[19:18:03] getJobUpdate start
[19:18:03] getJobUpdate finished
[19:18:06] getJobUpdate start
[19:18:06] getJobUpdate finished
[19:18:09] getJobUpdate start
[19:18:09] getJobUpdate finished
[19:18:11] getJobUpdate start
[19:18:12] getJobUpdate finished
[19:18:14] getJobUpdate start
[19:18:14] getJobUpdate finished
[19:18:17] getJobUpdate start
[19:18:17] getJobUpdate finished
[19:18:19] getJobUpdate start
[19:18:19] getJobUpdate finished
[19:18:22] getJobUpdate start
[19:18:22] getJobUpdate finished
[19:18:25] getJobUpdate start
[19:18:25] getJobUpdate finished
[19:18:27] getJobUpdate start
[19:18:27] getJobUpdate finished
[19:18:30] getJobUpdate start
[19:18:30] getJobUpdate finished
[19:18:33] getJobUpdate start
[19:18:33] getJobUpdate finished
[19:18:35] getJobUpdate start
[19:18:36] getJobUpdate finished
[19:18:38] getJobUpdate start
[19:18:38] getJobUpdate finished
[19:18:41] getJobUpdate start
[19:18:41] getJobUpdate finished
[19:18:44] getJobUpdate start
[19:18:44] getJobUpdate finished
[19:18:52] getJobUpdate start
[19:18:52] getJobUpdate finished
[19:18:54] getJobUpdate start
[19:18:54] getJobUpdate finished
[19:18:57] getJobUpdate start
[19:18:57] getJobUpdate finished
[19:19:00] getJobUpdate start
[19:19:00] getJobUpdate finished
[19:19:03] getJobUpdate start
[19:19:03] getJobUpdate finished
[19:19:05] getJobUpdate start
[19:19:05] getJobUpdate finished
[19:19:08] getJobUpdate start
[19:19:08] getJobUpdate finished
[19:19:11] getJobUpdate start
[19:19:11] getJobUpdate finished
[19:19:14] getJobUpdate start
[19:19:14] getJobUpdate finished
[19:19:17] getJobUpdate start
[19:19:17] getJobUpdate finished
[19:19:19] getJobUpdate start
[19:19:20] getJobUpdate finished
[19:19:22] getJobUpdate start
[19:19:22] getJobUpdate finished
[19:19:25] getJobUpdate start
[19:19:25] getJobUpdate finished
[19:19:28] getJobUpdate start
[19:19:28] getJobUpdate finished
[19:19:30] getJobUpdate start
[19:19:30] getJobUpdate finished
[19:19:45] getJobUpdate start
[19:19:45] getJobUpdate finished
[19:19:47] getJobUpdate start
[19:19:48] getJobUpdate finished
[19:19:56] getJobUpdate start
[19:19:56] getJobUpdate finished
[19:19:59] getJobUpdate start
[19:19:59] getJobUpdate finished
[19:20:02] getJobUpdate start
[19:20:02] getJobUpdate finished
[19:20:04] getJobUpdate start
[19:20:04] getJobUpdate finished
[19:20:07] getJobUpdate start
[19:20:07] getJobUpdate finished
[19:20:10] getJobUpdate start
[19:20:10] getJobUpdate finished
[19:20:12] getJobUpdate start
[19:20:12] getJobUpdate finished
[19:20:15] getJobUpdate start
[19:20:15] getJobUpdate finished
[19:20:17] getJobUpdate start
[19:20:17] getJobUpdate finished
[19:20:20] getJobUpdate start
[19:20:20] getJobUpdate finished
[19:20:23] getJobUpdate start
[19:20:23] getJobUpdate finished
[19:20:25] getJobUpdate start
[19:20:25] getJobUpdate finished
[19:20:28] getJobUpdate start
[19:20:28] getJobUpdate finished
[19:20:31] getJobUpdate start
[19:20:31] getJobUpdate finished
[19:20:33] getJobUpdate start
[19:20:33] getJobUpdate finished
[19:20:36] getJobUpdate start
[19:20:36] getJobUpdate finished
[19:20:39] getJobUpdate start
[19:20:39] getJobUpdate finished
[19:20:41] getJobUpdate start
[19:20:41] getJobUpdate finished
[19:20:44] getJobUpdate start
[19:20:44] getJobUpdate finished
[19:20:47] getJobUpdate start
[19:20:47] getJobUpdate finished
[19:20:49] getJobUpdate start
[19:20:49] getJobUpdate finished
[19:20:52] getJobUpdate start
[19:20:52] getJobUpdate finished
[19:20:54] getJobUpdate start
[19:20:54] getJobUpdate finished
[19:20:57] getJobUpdate start
[19:20:57] getJobUpdate finished
[19:21:00] getJobUpdate start
[19:21:00] getJobUpdate finished
[19:21:02] getJobUpdate start
[19:21:02] getJobUpdate finished
[19:21:05] getJobUpdate start
[19:21:05] getJobUpdate finished
[19:21:08] getJobUpdate start
[19:21:08] getJobUpdate finished
[19:21:11] getJobUpdate start
[19:21:11] getJobUpdate finished
[19:21:13] getJobUpdate start
[19:21:13] getJobUpdate finished
[19:21:16] getJobUpdate start
[19:21:16] getJobUpdate finished
[19:21:19] getJobUpdate start
[19:21:19] getJobUpdate finished
[19:21:21] getJobUpdate start
[19:21:21] getJobUpdate finished
[19:21:24] getJobUpdate start
[19:21:24] getJobUpdate finished
[19:21:26] getJobUpdate start
[19:21:27] getJobUpdate finished
[19:21:29] getJobUpdate start
[19:21:29] getJobUpdate finished
[19:21:32] getJobUpdate start
[19:21:32] getJobUpdate finished
[19:21:34] getJobUpdate start
[19:21:35] getJobUpdate finished
[19:21:37] getJobUpdate start
[19:21:37] getJobUpdate finished
[19:21:40] getJobUpdate start
[19:21:40] getJobUpdate finished
[19:21:42] getJobUpdate start
[19:21:42] getJobUpdate finished
[19:21:45] getJobUpdate start
[19:21:45] getJobUpdate finished
[19:21:47] getJobUpdate start
[19:21:47] getJobUpdate finished
[19:21:50] getJobUpdate start
[19:21:50] getJobUpdate finished
[19:21:53] getJobUpdate start
[19:21:53] getJobUpdate finished
[19:21:55] getJobUpdate start
[19:21:55] getJobUpdate finished
[19:21:58] getJobUpdate start
[19:21:58] getJobUpdate finished
[19:22:01] getJobUpdate start
[19:22:01] getJobUpdate finished
[19:22:03] getJobUpdate start
[19:22:03] getJobUpdate finished
[19:22:06] getJobUpdate start
[19:22:06] getJobUpdate finished
[19:22:09] getJobUpdate start
[19:22:09] getJobUpdate finished
[19:22:11] getJobUpdate start
[19:22:12] getJobUpdate finished
[19:22:14] getJobUpdate start
[19:22:14] getJobUpdate finished
[19:22:17] getJobUpdate start
[19:22:17] getJobUpdate finished
[19:22:19] getJobUpdate start
[19:22:19] getJobUpdate finished
[19:22:22] getJobUpdate start
[19:22:22] getJobUpdate finished
[19:22:24] getJobUpdate start
[19:22:24] getJobUpdate finished
[19:22:27] getJobUpdate start
[19:22:27] getJobUpdate finished
[19:22:30] getJobUpdate start
[19:22:30] getJobUpdate finished
[19:22:33] getJobUpdate start
[19:22:33] getJobUpdate finished
[19:22:36] getJobUpdate start
[19:22:36] getJobUpdate finished
[19:22:38] getJobUpdate start
[19:22:38] getJobUpdate finished
[19:22:41] getJobUpdate start
[19:22:41] getJobUpdate finished
[19:22:43] getJobUpdate start
[19:22:43] getJobUpdate finished
[19:22:45] getJobUpdate start
[19:22:46] getJobUpdate finished
[19:22:48] getJobUpdate start
[19:22:48] getJobUpdate finished
[19:22:51] getJobUpdate start
[19:22:51] getJobUpdate finished
[19:22:54] getJobUpdate start
[19:22:54] getJobUpdate finished
[19:22:56] getJobUpdate start
[19:22:56] getJobUpdate finished
[19:22:58] getJobUpdate start
[19:22:58] getJobUpdate finished
[19:23:01] getJobUpdate start
[19:23:01] getJobUpdate finished
[19:23:03] getJobUpdate start
[19:23:03] getJobUpdate finished
[19:23:05] getJobUpdate start
[19:23:06] getJobUpdate finished
[19:23:08] getJobUpdate start
[19:23:08] getJobUpdate finished
[19:23:11] getJobUpdate start
[19:23:11] getJobUpdate finished
[19:23:13] getJobUpdate start
[19:23:13] getJobUpdate finished
[19:23:16] getJobUpdate start
[19:23:16] getJobUpdate finished
[19:23:18] getJobUpdate start
[19:23:18] getJobUpdate finished
[19:23:21] getJobUpdate start
[19:23:21] getJobUpdate finished
[19:23:24] getJobUpdate start
[19:23:24] getJobUpdate finished
[19:23:27] getJobUpdate start
[19:23:27] getJobUpdate finished
[19:23:29] getJobUpdate start
[19:23:29] getJobUpdate finished
[19:23:32] getJobUpdate start
[19:23:32] getJobUpdate finished
[19:23:35] getJobUpdate start
[19:23:35] getJobUpdate finished
[19:23:37] getJobUpdate start
[19:23:38] getJobUpdate finished
[19:23:40] getJobUpdate start
[19:23:40] getJobUpdate finished
[19:23:43] getJobUpdate start
[19:23:43] getJobUpdate finished
[19:23:45] getJobUpdate start
[19:23:45] getJobUpdate finished
[19:23:47] getJobUpdate start
[19:23:47] getJobUpdate finished
[19:23:50] getJobUpdate start
[19:23:50] getJobUpdate finished
[19:23:52] getJobUpdate start
[19:23:52] getJobUpdate finished
[19:23:55] getJobUpdate start
[19:23:55] getJobUpdate finished
[19:23:58] getJobUpdate start
[19:23:58] getJobUpdate finished
[19:24:00] getJobUpdate start
[19:24:00] getJobUpdate finished
[19:24:03] getJobUpdate start
[19:24:03] getJobUpdate finished
[19:24:05] getJobUpdate start
[19:24:05] getJobUpdate finished
[19:24:08] getJobUpdate start
[19:24:08] getJobUpdate finished
[19:24:10] getJobUpdate start
[19:24:10] getJobUpdate finished
[19:24:13] getJobUpdate start
[19:24:13] getJobUpdate finished
[19:24:15] getJobUpdate start
[19:24:15] getJobUpdate finished
[19:24:18] getJobUpdate start
[19:24:18] getJobUpdate finished
[19:24:20] getJobUpdate start
[19:24:20] getJobUpdate finished
[19:24:23] getJobUpdate start
[19:24:23] getJobUpdate finished
[19:24:26] getJobUpdate start
[19:24:26] getJobUpdate finished
[19:24:28] getJobUpdate start
[19:24:29] getJobUpdate finished
[19:24:31] getJobUpdate start
[19:24:31] getJobUpdate finished
[19:24:34] getJobUpdate start
[19:24:34] getJobUpdate finished
[19:24:36] getJobUpdate start
[19:24:36] getJobUpdate finished
[19:24:39] getJobUpdate start
[19:24:39] getJobUpdate finished
[19:24:41] getJobUpdate start
[19:24:41] getJobUpdate finished
[19:24:44] getJobUpdate start
[19:24:44] getJobUpdate finished
[19:24:47] getJobUpdate start
[19:24:47] getJobUpdate finished
[19:24:49] getJobUpdate start
[19:24:50] getJobUpdate finished
[19:24:52] getJobUpdate start
[19:24:52] getJobUpdate finished
[19:24:55] getJobUpdate start
[19:24:55] getJobUpdate finished
[19:24:58] getJobUpdate start
[19:24:58] getJobUpdate finished
[19:25:01] getJobUpdate start
[19:25:01] getJobUpdate finished
[19:25:03] getJobUpdate start
[19:25:03] getJobUpdate finished
[19:25:06] getJobUpdate start
[19:25:06] getJobUpdate finished
[19:25:08] getJobUpdate start
[19:25:09] getJobUpdate finished
[19:25:11] getJobUpdate start
[19:25:11] getJobUpdate finished
[19:25:14] getJobUpdate start
[19:25:14] getJobUpdate finished
[19:25:16] getJobUpdate start
[19:25:16] getJobUpdate finished
[19:25:19] getJobUpdate start
[19:25:19] getJobUpdate finished
[19:25:21] getJobUpdate start
[19:25:21] getJobUpdate finished
[19:25:24] getJobUpdate start
[19:25:24] getJobUpdate finished
[19:25:26] getJobUpdate start
[19:25:27] getJobUpdate finished
[19:25:29] getJobUpdate start
[19:25:29] getJobUpdate finished
[19:25:32] getJobUpdate start
[19:25:32] getJobUpdate finished
[19:25:34] getJobUpdate start
[19:25:34] getJobUpdate finished
[19:25:37] getJobUpdate start
[19:25:37] getJobUpdate finished
[19:25:39] getJobUpdate start
[19:25:39] getJobUpdate finished
[19:25:42] getJobUpdate start
[19:25:42] getJobUpdate finished
[19:25:44] getJobUpdate start
[19:25:45] getJobUpdate finished
[19:25:47] getJobUpdate start
[19:25:47] getJobUpdate finished
[19:25:50] getJobUpdate start
[19:25:50] getJobUpdate finished
[19:25:53] getJobUpdate start
[19:25:53] getJobUpdate finished
[19:25:55] getJobUpdate start
[19:25:55] getJobUpdate finished
[19:25:58] getJobUpdate start
[19:25:58] getJobUpdate finished
[19:26:00] getJobUpdate start
[19:26:00] getJobUpdate finished
[19:26:03] getJobUpdate start
[19:26:03] getJobUpdate finished
[19:26:05] getJobUpdate start
[19:26:05] getJobUpdate finished
[19:26:07] getJobUpdate start
[19:26:08] getJobUpdate finished
[19:26:10] getJobUpdate start
[19:26:10] getJobUpdate finished
[19:26:12] getJobUpdate start
[19:26:13] getJobUpdate finished
[19:26:15] getJobUpdate start
[19:26:15] getJobUpdate finished
[19:26:18] getJobUpdate start
[19:26:18] getJobUpdate finished
[19:26:21] getJobUpdate start
[19:26:21] getJobUpdate finished
[19:26:23] getJobUpdate start
[19:26:23] getJobUpdate finished
[19:26:26] getJobUpdate start
[19:26:26] getJobUpdate finished
[19:26:28] getJobUpdate start
[19:26:28] getJobUpdate finished
[19:26:30] getJobUpdate start
[19:26:30] getJobUpdate finished
[19:26:33] getJobUpdate start
[19:26:33] getJobUpdate finished
[19:26:35] getJobUpdate start
[19:26:35] getJobUpdate finished
[19:26:37] getJobUpdate start
[19:26:38] getJobUpdate finished
[19:26:40] getJobUpdate start
[19:26:40] getJobUpdate finished
[19:26:42] getJobUpdate start
[19:26:42] getJobUpdate finished
[19:26:44] getJobUpdate start
[19:26:45] getJobUpdate finished
[19:26:47] getJobUpdate start
[19:26:47] getJobUpdate finished
[19:26:49] getJobUpdate start
[19:26:49] getJobUpdate finished
[19:26:51] getJobUpdate start
[19:26:51] getJobUpdate finished
[19:26:54] getJobUpdate start
[19:26:54] getJobUpdate finished
[19:26:56] getJobUpdate start
[19:26:56] getJobUpdate finished
[19:26:59] getJobUpdate start
[19:26:59] getJobUpdate finished
[19:27:01] getJobUpdate start
[19:27:01] getJobUpdate finished
[19:27:04] getJobUpdate start
[19:27:04] getJobUpdate finished
[19:27:06] getJobUpdate start
[19:27:06] getJobUpdate finished
[19:27:09] getJobUpdate start
[19:27:09] getJobUpdate finished
[19:27:11] getJobUpdate start
[19:27:11] getJobUpdate finished
[19:27:13] getJobUpdate start
[19:27:13] getJobUpdate finished
[19:27:16] getJobUpdate start
[19:27:16] getJobUpdate finished
[19:27:18] getJobUpdate start
[19:27:18] getJobUpdate finished
[19:27:20] getJobUpdate start
[19:27:20] getJobUpdate finished
[19:27:23] getJobUpdate start
[19:27:23] getJobUpdate finished
[19:27:25] getJobUpdate start
[19:27:25] getJobUpdate finished
[19:27:28] getJobUpdate start
[19:27:28] getJobUpdate finished
[19:27:30] getJobUpdate start
[19:27:30] getJobUpdate finished
[19:27:32] getJobUpdate start
[19:27:33] getJobUpdate finished
[19:27:35] getJobUpdate start
[19:27:35] getJobUpdate finished
[19:27:37] getJobUpdate start
[19:27:38] getJobUpdate finished
[19:27:40] getJobUpdate start
[19:27:40] getJobUpdate finished
[19:27:43] getJobUpdate start
[19:27:43] getJobUpdate finished
[19:27:45] getJobUpdate start
[19:27:45] getJobUpdate finished
[19:27:47] getJobUpdate start
[19:27:48] getJobUpdate finished
[19:27:50] getJobUpdate start
[19:27:50] getJobUpdate finished
[19:27:52] getJobUpdate start
[19:27:52] getJobUpdate finished
[19:27:54] getJobUpdate start
[19:27:54] getJobUpdate finished
[19:27:57] getJobUpdate start
[19:27:57] getJobUpdate finished
[19:27:59] getJobUpdate start
[19:27:59] getJobUpdate finished
[19:28:02] getJobUpdate start
[19:28:02] getJobUpdate finished
[19:28:04] getJobUpdate start
[19:28:04] getJobUpdate finished
[19:28:07] getJobUpdate start
[19:28:07] getJobUpdate finished
[19:28:09] getJobUpdate start
[19:28:09] getJobUpdate finished
[19:28:11] getJobUpdate start
[19:28:11] getJobUpdate finished
[19:28:13] getJobUpdate start
[19:28:13] getJobUpdate finished
[19:28:16] getJobUpdate start
[19:28:16] getJobUpdate finished
[19:28:18] getJobUpdate start
[19:28:18] getJobUpdate finished
[19:28:21] getJobUpdate start
[19:28:21] getJobUpdate finished
[19:28:23] getJobUpdate start
[19:28:23] getJobUpdate finished
[19:28:25] getJobUpdate start
[19:28:25] getJobUpdate finished
[19:28:28] getJobUpdate start
[19:28:28] getJobUpdate finished
[19:28:29] Nose Cone_support/Nose Cone/Aerodynamics solver finished at Thu Jun 18 19:28:29 2020 on EEPC with code = 0
[19:28:29] Analysis::importSolverFiles = 0.068 sec
[19:28:30] VizDataInterface::getBoundaryFEData = 0.064 sec
[19:28:30] VizDataInterface::setupWallOutlineData = 0.005 sec
[19:28:31] Nose Cone_support/Nose Cone/Aerodynamics job finished at Thu Jun 18 19:28:29 2020 on EEPC
[19:29:19] Analysis::writeGBIFile = 0.466 sec
[19:29:19] Analysis::exportJobFiles = 0.006 sec
[19:29:19] Nose Cone_support/Nose Cone/Aerodynamics job started at Thu Jun 18 19:29:19 2020 on EEPC
[19:29:20] Nose Cone_support/Nose Cone/Aerodynamics solver started at Thu Jun 18 19:29:20 2020 on EEPC
[19:29:27] getJobUpdate start
[19:29:27] CADModel::loadGeometryDatabase = 0.445 sec
[19:29:27] VizDataInterface::getBoundaryFEData = 0.113 sec
[19:29:27] VizDataInterface::setupWallOutlineData = 0.008 sec
[19:29:28] getJobUpdate finished
[19:29:31] getJobUpdate start
[19:29:31] getJobUpdate finished
[19:29:32] getJobUpdate start
[19:29:33] getJobUpdate finished
[19:29:34] getJobUpdate start
[19:29:34] getJobUpdate finished
[19:29:36] getJobUpdate start
[19:29:36] getJobUpdate finished
[19:29:38] getJobUpdate start
[19:29:38] getJobUpdate finished
[19:29:40] getJobUpdate start
[19:29:40] getJobUpdate finished
[19:29:41] getJobUpdate start
[19:29:42] getJobUpdate finished
[19:29:43] getJobUpdate start
[19:29:43] getJobUpdate finished
[19:29:45] getJobUpdate start
[19:29:45] getJobUpdate finished
[19:29:47] getJobUpdate start
[19:29:47] getJobUpdate finished
[19:29:50] getJobUpdate start
[19:29:50] getJobUpdate finished
[19:29:53] getJobUpdate start
[19:29:53] getJobUpdate finished
[19:29:56] getJobUpdate start
[19:29:56] getJobUpdate finished
[19:29:59] getJobUpdate start
[19:29:59] getJobUpdate finished
[19:30:02] getJobUpdate start
[19:30:02] getJobUpdate finished
[19:30:05] getJobUpdate start
[19:30:05] getJobUpdate finished
[19:30:07] getJobUpdate start
[19:30:07] getJobUpdate finished
[19:30:10] getJobUpdate start
[19:30:10] getJobUpdate finished
[19:30:12] getJobUpdate start
[19:30:12] getJobUpdate finished
[19:30:15] getJobUpdate start
[19:30:15] getJobUpdate finished
[19:30:17] getJobUpdate start
[19:30:17] getJobUpdate finished
[19:30:20] getJobUpdate start
[19:30:20] getJobUpdate finished
[19:30:22] getJobUpdate start
[19:30:22] getJobUpdate finished
[19:30:24] getJobUpdate start
[19:30:25] getJobUpdate finished
[19:30:27] getJobUpdate start
[19:30:27] getJobUpdate finished
[19:30:29] getJobUpdate start
[19:30:29] getJobUpdate finished
[19:30:32] getJobUpdate start
[19:30:32] getJobUpdate finished
[19:30:34] getJobUpdate start
[19:30:34] getJobUpdate finished
[19:30:37] getJobUpdate start
[19:30:37] getJobUpdate finished
[19:30:39] getJobUpdate start
[19:30:39] getJobUpdate finished
[19:30:41] getJobUpdate start
[19:30:42] getJobUpdate finished
[19:30:44] getJobUpdate start
[19:30:44] getJobUpdate finished
[19:30:46] getJobUpdate start
[19:30:46] getJobUpdate finished
[19:30:48] getJobUpdate start
[19:30:49] getJobUpdate finished
[19:30:51] getJobUpdate start
[19:30:51] getJobUpdate finished
[19:30:53] getJobUpdate start
[19:30:54] getJobUpdate finished
[19:30:56] getJobUpdate start
[19:30:56] getJobUpdate finished
[19:30:58] getJobUpdate start
[19:30:58] getJobUpdate finished
[19:31:01] getJobUpdate start
[19:31:01] getJobUpdate finished
[19:31:03] getJobUpdate start
[19:31:03] getJobUpdate finished
[19:31:06] getJobUpdate start
[19:31:06] getJobUpdate finished
[19:31:08] getJobUpdate start
[19:31:08] getJobUpdate finished
[19:31:11] getJobUpdate start
[19:31:11] getJobUpdate finished
[19:31:13] getJobUpdate start
[19:31:13] getJobUpdate finished
[19:31:15] getJobUpdate start
[19:31:16] getJobUpdate finished
[19:31:18] getJobUpdate start
[19:31:18] getJobUpdate finished
[19:31:21] getJobUpdate start
[19:31:21] getJobUpdate finished
[19:31:23] getJobUpdate start
[19:31:23] getJobUpdate finished
[19:31:25] getJobUpdate start
[19:31:25] getJobUpdate finished
[19:31:28] getJobUpdate start
[19:31:28] getJobUpdate finished
[19:31:30] getJobUpdate start
[19:31:30] getJobUpdate finished
[19:31:33] getJobUpdate start
[19:31:33] getJobUpdate finished
[19:31:35] getJobUpdate start
[19:31:35] getJobUpdate finished
[19:31:37] getJobUpdate start
[19:31:37] getJobUpdate finished
[19:31:40] getJobUpdate start
[19:31:40] getJobUpdate finished
[19:31:42] getJobUpdate start
[19:31:42] getJobUpdate finished
[19:31:44] getJobUpdate start
[19:31:44] getJobUpdate finished
[19:31:47] getJobUpdate start
[19:31:47] getJobUpdate finished
[19:31:49] getJobUpdate start
[19:31:49] getJobUpdate finished
[19:31:51] getJobUpdate start
[19:31:51] getJobUpdate finished
[19:31:54] getJobUpdate start
[19:31:54] getJobUpdate finished
[19:31:56] getJobUpdate start
[19:31:56] getJobUpdate finished
[19:31:58] getJobUpdate start
[19:31:58] getJobUpdate finished
[19:32:01] getJobUpdate start
[19:32:01] getJobUpdate finished
[19:32:03] getJobUpdate start
[19:32:04] getJobUpdate finished
[19:32:06] getJobUpdate start
[19:32:06] getJobUpdate finished
[19:32:09] getJobUpdate start
[19:32:09] getJobUpdate finished
[19:32:11] getJobUpdate start
[19:32:11] getJobUpdate finished
[19:32:14] getJobUpdate start
[19:32:14] getJobUpdate finished
[19:32:16] getJobUpdate start
[19:32:16] getJobUpdate finished
[19:32:19] getJobUpdate start
[19:32:19] getJobUpdate finished
[19:32:21] getJobUpdate start
[19:32:21] getJobUpdate finished
[19:32:23] getJobUpdate start
[19:32:23] getJobUpdate finished
[19:32:26] getJobUpdate start
[19:32:26] getJobUpdate finished
[19:32:28] getJobUpdate start
[19:32:28] getJobUpdate finished
[19:32:31] getJobUpdate start
[19:32:31] getJobUpdate finished
[19:32:33] getJobUpdate start
[19:32:33] getJobUpdate finished
[19:32:36] getJobUpdate start
[19:32:36] getJobUpdate finished
[19:32:38] getJobUpdate start
[19:32:38] getJobUpdate finished
[19:32:40] getJobUpdate start
[19:32:41] getJobUpdate finished
[19:32:43] getJobUpdate start
[19:32:43] getJobUpdate finished
[19:32:45] getJobUpdate start
[19:32:45] getJobUpdate finished
[19:32:48] getJobUpdate start
[19:32:48] getJobUpdate finished
[19:32:50] getJobUpdate start
[19:32:50] getJobUpdate finished
[19:32:52] getJobUpdate start
[19:32:52] getJobUpdate finished
[19:32:55] getJobUpdate start
[19:32:55] getJobUpdate finished
[19:32:57] getJobUpdate start
[19:32:57] getJobUpdate finished
[19:32:59] getJobUpdate start
[19:32:59] getJobUpdate finished
[19:33:02] getJobUpdate start
[19:33:02] getJobUpdate finished
[19:33:04] getJobUpdate start
[19:33:04] getJobUpdate finished
[19:33:07] getJobUpdate start
[19:33:07] getJobUpdate finished
[19:33:09] getJobUpdate start
[19:33:09] getJobUpdate finished
[19:33:12] getJobUpdate start
[19:33:12] getJobUpdate finished
[19:33:14] getJobUpdate start
[19:33:14] getJobUpdate finished
[19:33:17] getJobUpdate start
[19:33:17] getJobUpdate finished
[19:33:19] getJobUpdate start
[19:33:19] getJobUpdate finished
[19:33:21] getJobUpdate start
[19:33:21] getJobUpdate finished
[19:33:23] getJobUpdate start
[19:33:24] getJobUpdate finished
[19:33:26] getJobUpdate start
[19:33:26] getJobUpdate finished
[19:33:28] getJobUpdate start
[19:33:28] getJobUpdate finished
[19:33:31] getJobUpdate start
[19:33:31] getJobUpdate finished
[19:33:33] getJobUpdate start
[19:33:33] getJobUpdate finished
[19:33:36] getJobUpdate start
[19:33:36] getJobUpdate finished
[19:33:38] getJobUpdate start
[19:33:38] getJobUpdate finished
[19:33:40] getJobUpdate start
[19:33:40] getJobUpdate finished
[19:33:43] getJobUpdate start
[19:33:43] getJobUpdate finished
[19:33:45] getJobUpdate start
[19:33:45] getJobUpdate finished
[19:33:48] getJobUpdate start
[19:33:48] getJobUpdate finished
[19:33:50] getJobUpdate start
[19:33:50] getJobUpdate finished
[19:33:52] getJobUpdate start
[19:33:52] getJobUpdate finished
[19:33:55] getJobUpdate start
[19:33:55] getJobUpdate finished
[19:33:57] getJobUpdate start
[19:33:57] getJobUpdate finished
[19:33:59] getJobUpdate start
[19:34:00] getJobUpdate finished
[19:34:02] getJobUpdate start
[19:34:02] getJobUpdate finished
[19:34:04] getJobUpdate start
[19:34:04] getJobUpdate finished
[19:34:06] getJobUpdate start
[19:34:07] getJobUpdate finished
[19:34:09] getJobUpdate start
[19:34:09] getJobUpdate finished
[19:34:11] getJobUpdate start
[19:34:11] getJobUpdate finished
[19:34:14] getJobUpdate start
[19:34:14] getJobUpdate finished
[19:34:16] getJobUpdate start
[19:34:16] getJobUpdate finished
[19:34:19] getJobUpdate start
[19:34:19] getJobUpdate finished
[19:34:21] getJobUpdate start
[19:34:21] getJobUpdate finished
[19:34:24] getJobUpdate start
[19:34:24] getJobUpdate finished
[19:34:26] getJobUpdate start
[19:34:26] getJobUpdate finished
[19:34:28] getJobUpdate start
[19:34:28] getJobUpdate finished
[19:34:31] getJobUpdate start
[19:34:31] getJobUpdate finished
[19:34:33] getJobUpdate start
[19:34:33] getJobUpdate finished
[19:34:36] getJobUpdate start
[19:34:36] getJobUpdate finished
[19:34:38] getJobUpdate start
[19:34:38] getJobUpdate finished
[19:34:41] getJobUpdate start
[19:34:41] getJobUpdate finished
[19:34:43] getJobUpdate start
[19:34:43] getJobUpdate finished
[19:34:46] getJobUpdate start
[19:34:46] getJobUpdate finished
[19:34:49] getJobUpdate start
[19:34:49] getJobUpdate finished
[19:34:52] getJobUpdate start
[19:34:52] getJobUpdate finished
[19:34:54] getJobUpdate start
[19:34:54] getJobUpdate finished
[19:34:57] getJobUpdate start
[19:34:57] getJobUpdate finished
[19:34:59] getJobUpdate start
[19:34:59] getJobUpdate finished
[19:35:02] getJobUpdate start
[19:35:02] getJobUpdate finished
[19:35:04] getJobUpdate start
[19:35:04] getJobUpdate finished
[19:35:07] getJobUpdate start
[19:35:07] getJobUpdate finished
[19:35:09] getJobUpdate start
[19:35:09] getJobUpdate finished
[19:35:12] getJobUpdate start
[19:35:12] getJobUpdate finished
[19:35:14] getJobUpdate start
[19:35:14] getJobUpdate finished
[19:35:17] getJobUpdate start
[19:35:17] getJobUpdate finished
[19:35:19] getJobUpdate start
[19:35:19] getJobUpdate finished
[19:35:22] getJobUpdate start
[19:35:22] getJobUpdate finished
[19:35:24] getJobUpdate start
[19:35:24] getJobUpdate finished
[19:35:27] getJobUpdate start
[19:35:27] getJobUpdate finished
[19:35:29] getJobUpdate start
[19:35:29] getJobUpdate finished
[19:35:32] getJobUpdate start
[19:35:32] getJobUpdate finished
[19:35:34] getJobUpdate start
[19:35:34] getJobUpdate finished
[19:35:36] getJobUpdate start
[19:35:36] getJobUpdate finished
[19:35:38] getJobUpdate start
[19:35:39] getJobUpdate finished
[19:35:41] getJobUpdate start
[19:35:41] getJobUpdate finished
[19:35:43] getJobUpdate start
[19:35:43] getJobUpdate finished
[19:35:46] getJobUpdate start
[19:35:46] getJobUpdate finished
[19:35:48] getJobUpdate start
[19:35:48] getJobUpdate finished
[19:35:50] getJobUpdate start
[19:35:50] getJobUpdate finished
[19:35:53] getJobUpdate start
[19:35:53] getJobUpdate finished
[19:35:55] getJobUpdate start
[19:35:55] getJobUpdate finished
[19:35:57] getJobUpdate start
[19:35:57] getJobUpdate finished
[19:36:00] getJobUpdate start
[19:36:00] getJobUpdate finished
[19:36:02] getJobUpdate start
[19:36:02] getJobUpdate finished
[19:36:05] getJobUpdate start
[19:36:05] getJobUpdate finished
[19:36:07] getJobUpdate start
[19:36:07] getJobUpdate finished
[19:36:09] getJobUpdate start
[19:36:09] getJobUpdate finished
[19:36:12] getJobUpdate start
[19:36:12] getJobUpdate finished
[19:36:14] getJobUpdate start
[19:36:14] getJobUpdate finished
[19:36:17] getJobUpdate start
[19:36:17] getJobUpdate finished
[19:36:19] getJobUpdate start
[19:36:19] getJobUpdate finished
[19:36:22] getJobUpdate start
[19:36:22] getJobUpdate finished
[19:36:24] getJobUpdate start
[19:36:24] getJobUpdate finished
[19:36:27] getJobUpdate start
[19:36:27] getJobUpdate finished
[19:36:29] getJobUpdate start
[19:36:29] getJobUpdate finished
[19:36:31] getJobUpdate start
[19:36:32] getJobUpdate finished
[19:36:34] getJobUpdate start
[19:36:34] getJobUpdate finished
[19:36:36] getJobUpdate start
[19:36:37] getJobUpdate finished
[19:36:39] getJobUpdate start
[19:36:39] getJobUpdate finished
[19:36:41] getJobUpdate start
[19:36:41] getJobUpdate finished
[19:36:44] getJobUpdate start
[19:36:44] getJobUpdate finished
[19:36:46] getJobUpdate start
[19:36:46] getJobUpdate finished
[19:36:49] getJobUpdate start
[19:36:49] getJobUpdate finished
[19:36:51] getJobUpdate start
[19:36:51] getJobUpdate finished
[19:36:54] getJobUpdate start
[19:36:54] getJobUpdate finished
[19:36:56] getJobUpdate start
[19:36:56] getJobUpdate finished
[19:36:59] getJobUpdate start
[19:36:59] getJobUpdate finished
[19:37:01] getJobUpdate start
[19:37:01] getJobUpdate finished
[19:37:04] getJobUpdate start
[19:37:04] getJobUpdate finished
[19:37:06] getJobUpdate start
[19:37:06] getJobUpdate finished
[19:37:08] getJobUpdate start
[19:37:08] getJobUpdate finished
[19:37:11] getJobUpdate start
[19:37:11] getJobUpdate finished
[19:37:13] getJobUpdate start
[19:37:13] getJobUpdate finished
[19:37:16] getJobUpdate start
[19:37:16] getJobUpdate finished
[19:37:18] getJobUpdate start
[19:37:18] getJobUpdate finished
[19:37:20] getJobUpdate start
[19:37:21] getJobUpdate finished
[19:37:23] getJobUpdate start
[19:37:23] getJobUpdate finished
[19:37:25] getJobUpdate start
[19:37:25] getJobUpdate finished
[19:37:28] getJobUpdate start
[19:37:28] getJobUpdate finished
[19:37:30] getJobUpdate start
[19:37:30] getJobUpdate finished
[19:37:33] getJobUpdate start
[19:37:33] getJobUpdate finished
[19:37:35] getJobUpdate start
[19:37:35] getJobUpdate finished
[19:37:38] getJobUpdate start
[19:37:38] getJobUpdate finished
[19:37:40] getJobUpdate start
[19:37:40] getJobUpdate finished
[19:37:43] getJobUpdate start
[19:37:43] getJobUpdate finished
[19:37:45] getJobUpdate start
[19:37:45] getJobUpdate finished
[19:37:47] getJobUpdate start
[19:37:47] getJobUpdate finished
[19:37:49] getJobUpdate start
[19:37:50] getJobUpdate finished
[19:37:52] getJobUpdate start
[19:37:52] getJobUpdate finished
[19:37:54] getJobUpdate start
[19:37:55] getJobUpdate finished
[19:37:57] getJobUpdate start
[19:37:57] getJobUpdate finished
[19:37:59] getJobUpdate start
[19:37:59] getJobUpdate finished
[19:38:02] getJobUpdate start
[19:38:02] getJobUpdate finished
[19:38:04] getJobUpdate start
[19:38:04] getJobUpdate finished
[19:38:06] getJobUpdate start
[19:38:07] getJobUpdate finished
[19:38:09] getJobUpdate start
[19:38:09] getJobUpdate finished
[19:38:11] getJobUpdate start
[19:38:11] getJobUpdate finished
[19:38:13] getJobUpdate start
[19:38:13] getJobUpdate finished
[19:38:16] getJobUpdate start
[19:38:16] getJobUpdate finished
[19:38:18] getJobUpdate start
[19:38:18] getJobUpdate finished
[19:38:20] getJobUpdate start
[19:38:20] getJobUpdate finished
[19:38:22] getJobUpdate start
[19:38:23] getJobUpdate finished
[19:38:25] getJobUpdate start
[19:38:25] getJobUpdate finished
[19:38:27] getJobUpdate start
[19:38:27] getJobUpdate finished
[19:38:30] getJobUpdate start
[19:38:30] getJobUpdate finished
[19:38:32] getJobUpdate start
[19:38:32] getJobUpdate finished
[19:38:35] getJobUpdate start
[19:38:35] getJobUpdate finished
[19:38:37] getJobUpdate start
[19:38:37] getJobUpdate finished
[19:38:40] getJobUpdate start
[19:38:40] getJobUpdate finished
[19:38:42] getJobUpdate start
[19:38:42] getJobUpdate finished
[19:38:44] getJobUpdate start
[19:38:45] getJobUpdate finished
[19:38:47] getJobUpdate start
[19:38:47] getJobUpdate finished
[19:38:49] getJobUpdate start
[19:38:49] getJobUpdate finished
[19:38:51] getJobUpdate start
[19:38:51] getJobUpdate finished
[19:38:54] getJobUpdate start
[19:38:54] getJobUpdate finished
[19:38:56] getJobUpdate start
[19:38:56] getJobUpdate finished
[19:38:58] getJobUpdate start
[19:38:58] getJobUpdate finished
[19:39:01] getJobUpdate start
[19:39:01] getJobUpdate finished
[19:39:03] getJobUpdate start
[19:39:03] getJobUpdate finished
[19:39:06] getJobUpdate start
[19:39:06] getJobUpdate finished
[19:39:08] getJobUpdate start
[19:39:08] getJobUpdate finished
[19:39:10] getJobUpdate start
[19:39:10] getJobUpdate finished
[19:39:12] getJobUpdate start
[19:39:13] getJobUpdate finished
[19:39:15] getJobUpdate start
[19:39:15] getJobUpdate finished
[19:39:17] getJobUpdate start
[19:39:17] getJobUpdate finished
[19:39:20] getJobUpdate start
[19:39:20] getJobUpdate finished
[19:39:22] getJobUpdate start
[19:39:22] getJobUpdate finished
[19:39:25] getJobUpdate start
[19:39:25] getJobUpdate finished
[19:39:27] getJobUpdate start
[19:39:27] getJobUpdate finished
[19:39:29] getJobUpdate start
[19:39:29] getJobUpdate finished
[19:39:32] getJobUpdate start
[19:39:32] getJobUpdate finished
[19:39:34] getJobUpdate start
[19:39:34] getJobUpdate finished
[19:39:36] getJobUpdate start
[19:39:36] getJobUpdate finished
[19:39:39] getJobUpdate start
[19:39:39] getJobUpdate finished
[19:39:41] getJobUpdate start
[19:39:41] getJobUpdate finished
[19:39:44] getJobUpdate start
[19:39:44] getJobUpdate finished
[19:39:46] getJobUpdate start
[19:39:46] getJobUpdate finished
[19:39:49] getJobUpdate start
[19:39:49] getJobUpdate finished
[19:39:51] getJobUpdate start
[19:39:51] getJobUpdate finished
[19:39:54] getJobUpdate start
[19:39:54] getJobUpdate finished
[19:39:56] getJobUpdate start
[19:39:56] getJobUpdate finished
[19:39:58] getJobUpdate start
[19:39:59] getJobUpdate finished
[19:40:01] getJobUpdate start
[19:40:01] getJobUpdate finished
[19:40:03] getJobUpdate start
[19:40:03] getJobUpdate finished
[19:40:06] getJobUpdate start
[19:40:06] getJobUpdate finished
[19:40:08] getJobUpdate start
[19:40:08] getJobUpdate finished
[19:40:11] getJobUpdate start
[19:40:11] getJobUpdate finished
[19:40:13] getJobUpdate start
[19:40:13] getJobUpdate finished
[19:40:15] getJobUpdate start
[19:40:16] getJobUpdate finished
[19:40:18] getJobUpdate start
[19:40:18] getJobUpdate finished
[19:40:20] getJobUpdate start
[19:40:20] getJobUpdate finished
[19:40:23] getJobUpdate start
[19:40:23] getJobUpdate finished
[19:40:25] getJobUpdate start
[19:40:25] getJobUpdate finished
[19:40:28] getJobUpdate start
[19:40:28] getJobUpdate finished
[19:40:30] getJobUpdate start
[19:40:30] getJobUpdate finished
[19:40:32] getJobUpdate start
[19:40:32] getJobUpdate finished
[19:40:35] getJobUpdate start
[19:40:35] getJobUpdate finished
[19:40:37] getJobUpdate start
[19:40:37] getJobUpdate finished
[19:40:39] getJobUpdate start
[19:40:39] getJobUpdate finished
[19:40:42] getJobUpdate start
[19:40:42] getJobUpdate finished
[19:40:44] getJobUpdate start
[19:40:44] getJobUpdate finished
[19:40:46] getJobUpdate start
[19:40:46] getJobUpdate finished
[19:40:49] getJobUpdate start
[19:40:49] getJobUpdate finished
[19:40:51] getJobUpdate start
[19:40:51] getJobUpdate finished
[19:40:53] getJobUpdate start
[19:40:54] getJobUpdate finished
[19:40:56] getJobUpdate start
[19:40:56] getJobUpdate finished
[19:40:58] getJobUpdate start
[19:40:58] getJobUpdate finished
[19:41:01] getJobUpdate start
[19:41:01] getJobUpdate finished
[19:41:03] getJobUpdate start
[19:41:03] getJobUpdate finished
[19:41:05] getJobUpdate start
[19:41:05] getJobUpdate finished
[19:41:08] getJobUpdate start
[19:41:08] getJobUpdate finished
[19:41:10] getJobUpdate start
[19:41:10] getJobUpdate finished
[19:41:13] getJobUpdate start
[19:41:13] getJobUpdate finished
[19:41:15] getJobUpdate start
[19:41:15] getJobUpdate finished
[19:41:17] getJobUpdate start
[19:41:17] getJobUpdate finished
[19:41:20] getJobUpdate start
[19:41:20] getJobUpdate finished
[19:41:22] getJobUpdate start
[19:41:22] getJobUpdate finished
[19:41:24] getJobUpdate start
[19:41:24] getJobUpdate finished
[19:41:26] getJobUpdate start
[19:41:27] getJobUpdate finished
[19:41:29] getJobUpdate start
[19:41:29] getJobUpdate finished
[19:41:31] getJobUpdate start
[19:41:31] getJobUpdate finished
[19:41:34] getJobUpdate start
[19:41:34] getJobUpdate finished
[19:41:36] getJobUpdate start
[19:41:36] getJobUpdate finished
[19:41:38] getJobUpdate start
[19:41:38] getJobUpdate finished
[19:41:41] getJobUpdate start
[19:41:41] getJobUpdate finished
[19:41:43] getJobUpdate start
[19:41:43] getJobUpdate finished
[19:41:45] getJobUpdate start
[19:41:45] getJobUpdate finished
[19:41:48] getJobUpdate start
[19:41:48] getJobUpdate finished
[19:41:50] getJobUpdate start
[19:41:50] getJobUpdate finished
[19:41:53] getJobUpdate start
[19:41:53] getJobUpdate finished
[19:41:55] getJobUpdate start
[19:41:55] getJobUpdate finished
[19:41:58] getJobUpdate start
[19:41:58] getJobUpdate finished
[19:42:00] getJobUpdate start
[19:42:00] getJobUpdate finished
[19:42:03] getJobUpdate start
[19:42:03] getJobUpdate finished
[19:42:05] getJobUpdate start
[19:42:05] getJobUpdate finished
[19:42:07] getJobUpdate start
[19:42:08] getJobUpdate finished
[19:42:10] getJobUpdate start
[19:42:10] getJobUpdate finished
[19:42:12] getJobUpdate start
[19:42:12] getJobUpdate finished
[19:42:14] getJobUpdate start
[19:42:15] getJobUpdate finished
[19:42:17] getJobUpdate start
[19:42:17] getJobUpdate finished
[19:42:20] getJobUpdate start
[19:42:20] getJobUpdate finished
[19:42:22] getJobUpdate start
[19:42:22] getJobUpdate finished
[19:42:24] getJobUpdate start
[19:42:24] getJobUpdate finished
[19:42:27] getJobUpdate start
[19:42:27] getJobUpdate finished
[19:42:29] getJobUpdate start
[19:42:29] getJobUpdate finished
[19:42:31] getJobUpdate start
[19:42:32] getJobUpdate finished
[19:42:34] getJobUpdate start
[19:42:34] getJobUpdate finished
[19:42:37] getJobUpdate start
[19:42:37] getJobUpdate finished
[19:42:41] Nose Cone_support/Nose Cone/Aerodynamics solver finished at Thu Jun 18 19:42:41 2020 on EEPC with code = 0
[19:42:41] Analysis::importSolverFiles = 0.072 sec
[19:42:41] VizDataInterface::getBoundaryFEData = 0.065 sec
[19:42:41] VizDataInterface::setupWallOutlineData = 0.005 sec
[19:42:42] Nose Cone_support/Nose Cone/Aerodynamics job finished at Thu Jun 18 19:42:41 2020 on EEPC
[19:42:59] ### Critical: E:\CI\Jenkins\release19.2\Projects\Client\source\clt_geometry_wgt.cpp 673
Applying the Void Fill tool after constructing an external volume may damage the geometry
[19:45:53] ### Critical: E:\CI\Jenkins\release19.2\Projects\Client\source\clt_job_submitter.cpp 818
The Scenario cannot run because a part has an unassigned material setting
[19:46:38] Analysis::writeGBIFile = 0 sec
[19:46:38] Analysis::exportJobFiles = 0.006 sec
[19:46:38] Nose Cone_support/Nose Cone/Aerodynamics job started at Thu Jun 18 19:46:38 2020 on EEPC
[19:46:38] Nose Cone_support/Nose Cone/Aerodynamics mesher started at Thu Jun 18 19:46:38 2020 on EEPC
[19:46:54] Nose Cone_support/Nose Cone/Aerodynamics mesher finished at Thu Jun 18 19:46:54 2020 on EEPC with code = 0
[19:46:55] Analysis::importMesherFiles = 0.021 sec
[19:46:55] CADModel::loadGeometryDatabase = 0.666 sec
[19:46:55] Mesher finished copying files
[19:46:55] Nose Cone_support/Nose Cone/Aerodynamics solver started at Thu Jun 18 19:46:55 2020 on EEPC
[19:47:04] getJobUpdate start
[19:47:04] VizDataInterface::getBoundaryFEData = 0.118 sec
[19:47:04] VizDataInterface::setupWallOutlineData = 0.009 sec
[19:47:05] getJobUpdate finished
[19:47:09] getJobUpdate start
[19:47:09] getJobUpdate finished
[19:47:12] getJobUpdate start
[19:47:12] getJobUpdate finished
[19:47:14] getJobUpdate start
[19:47:15] getJobUpdate finished
[19:47:17] getJobUpdate start
[19:47:17] getJobUpdate finished
[19:47:20] getJobUpdate start
[19:47:20] getJobUpdate finished
[19:47:23] getJobUpdate start
[19:47:23] getJobUpdate finished
[19:47:26] getJobUpdate start
[19:47:26] getJobUpdate finished
[19:47:29] getJobUpdate start
[19:47:29] getJobUpdate finished
[19:47:32] getJobUpdate start
[19:47:33] getJobUpdate finished
[19:47:36] getJobUpdate start
[19:47:36] getJobUpdate finished
[19:47:40] getJobUpdate start
[19:47:40] getJobUpdate finished
[19:47:45] getJobUpdate start
[19:47:45] getJobUpdate finished
[19:47:49] getJobUpdate start
[19:47:49] getJobUpdate finished
[19:47:53] getJobUpdate start
[19:47:53] getJobUpdate finished
[19:47:57] getJobUpdate start
[19:47:57] getJobUpdate finished
[19:48:01] getJobUpdate start
[19:48:01] getJobUpdate finished
[19:48:05] getJobUpdate start
[19:48:05] getJobUpdate finished
[19:48:08] getJobUpdate start
[19:48:08] getJobUpdate finished
[19:48:12] getJobUpdate start
[19:48:12] getJobUpdate finished
[19:48:16] getJobUpdate start
[19:48:16] getJobUpdate finished
[19:48:19] getJobUpdate start
[19:48:19] getJobUpdate finished
[19:48:22] getJobUpdate start
[19:48:23] getJobUpdate finished
[19:48:26] getJobUpdate start
[19:48:26] getJobUpdate finished
[19:48:29] getJobUpdate start
[19:48:29] getJobUpdate finished
[19:48:33] getJobUpdate start
[19:48:33] getJobUpdate finished
[19:48:36] getJobUpdate start
[19:48:37] getJobUpdate finished
[19:48:41] getJobUpdate start
[19:48:41] getJobUpdate finished
[19:48:44] getJobUpdate start
[19:48:45] getJobUpdate finished
[19:48:48] getJobUpdate start
[19:48:48] getJobUpdate finished
[19:48:52] getJobUpdate start
[19:48:52] getJobUpdate finished
[19:48:55] getJobUpdate start
[19:48:56] getJobUpdate finished
[19:48:59] getJobUpdate start
[19:48:59] getJobUpdate finished
[19:49:03] getJobUpdate start
[19:49:03] getJobUpdate finished
[19:49:06] getJobUpdate start
[19:49:06] getJobUpdate finished
[19:49:09] getJobUpdate start
[19:49:10] getJobUpdate finished
[19:49:13] getJobUpdate start
[19:49:13] getJobUpdate finished
[19:49:16] getJobUpdate start
[19:49:16] getJobUpdate finished
[19:49:20] getJobUpdate start
[19:49:20] getJobUpdate finished
[19:49:23] getJobUpdate start
[19:49:23] getJobUpdate finished
[19:49:27] getJobUpdate start
[19:49:27] getJobUpdate finished
[19:49:30] getJobUpdate start
[19:49:30] getJobUpdate finished
[19:49:34] getJobUpdate start
[19:49:34] getJobUpdate finished
[19:49:37] getJobUpdate start
[19:49:37] getJobUpdate finished
[19:49:41] getJobUpdate start
[19:49:41] getJobUpdate finished
[19:49:45] getJobUpdate start
[19:49:45] getJobUpdate finished
[19:49:48] getJobUpdate start
[19:49:49] getJobUpdate finished
[19:49:52] getJobUpdate start
[19:49:52] getJobUpdate finished
[19:49:56] getJobUpdate start
[19:49:56] getJobUpdate finished
[19:49:59] getJobUpdate start
[19:49:59] getJobUpdate finished
[19:50:03] getJobUpdate start
[19:50:03] getJobUpdate finished
[19:50:07] getJobUpdate start
[19:50:07] getJobUpdate finished
[19:50:10] getJobUpdate start
[19:50:10] getJobUpdate finished
[19:50:14] getJobUpdate start
[19:50:14] getJobUpdate finished
[19:50:17] getJobUpdate start
[19:50:18] getJobUpdate finished
[19:50:21] getJobUpdate start
[19:50:21] getJobUpdate finished
[19:50:25] getJobUpdate start
[19:50:25] getJobUpdate finished
[19:50:28] getJobUpdate start
[19:50:28] getJobUpdate finished
[19:50:31] getJobUpdate start
[19:50:31] getJobUpdate finished
[19:50:35] getJobUpdate start
[19:50:35] getJobUpdate finished
[19:50:38] getJobUpdate start
[19:50:38] getJobUpdate finished
[19:50:42] getJobUpdate start
[19:50:42] getJobUpdate finished
[19:50:45] getJobUpdate start
[19:50:45] getJobUpdate finished
[19:50:49] getJobUpdate start
[19:50:49] getJobUpdate finished
[19:50:53] getJobUpdate start
[19:50:53] getJobUpdate finished
[19:50:56] getJobUpdate start
[19:50:56] getJobUpdate finished
[19:51:00] getJobUpdate start
[19:51:00] getJobUpdate finished
[19:51:03] getJobUpdate start
[19:51:03] getJobUpdate finished
[19:51:07] getJobUpdate start
[19:51:07] getJobUpdate finished
[19:51:11] getJobUpdate start
[19:51:11] getJobUpdate finished
[19:51:14] getJobUpdate start
[19:51:14] getJobUpdate finished
[19:51:17] getJobUpdate start
[19:51:18] getJobUpdate finished
[19:51:21] getJobUpdate start
[19:51:21] getJobUpdate finished
[19:51:25] getJobUpdate start
[19:51:25] getJobUpdate finished
[19:51:28] getJobUpdate start
[19:51:28] getJobUpdate finished
[19:51:32] getJobUpdate start
[19:51:32] getJobUpdate finished
[19:51:35] getJobUpdate start
[19:51:35] getJobUpdate finished
[19:51:39] getJobUpdate start
[19:51:39] getJobUpdate finished
[19:51:42] getJobUpdate start
[19:51:43] getJobUpdate finished
[19:51:46] getJobUpdate start
[19:51:46] getJobUpdate finished
[19:51:50] getJobUpdate start
[19:51:50] getJobUpdate finished
[19:51:53] getJobUpdate start
[19:51:53] getJobUpdate finished
[19:51:57] getJobUpdate start
[19:51:57] getJobUpdate finished
[19:52:01] getJobUpdate start
[19:52:01] getJobUpdate finished
[19:52:05] getJobUpdate start
[19:52:05] getJobUpdate finished
[19:52:08] getJobUpdate start
[19:52:08] getJobUpdate finished
[19:52:12] getJobUpdate start
[19:52:12] getJobUpdate finished
[19:52:15] getJobUpdate start
[19:52:15] getJobUpdate finished
[19:52:19] getJobUpdate start
[19:52:19] getJobUpdate finished
[19:52:22] getJobUpdate start
[19:52:22] getJobUpdate finished
[19:52:26] getJobUpdate start
[19:52:26] getJobUpdate finished
[19:52:29] getJobUpdate start
[19:52:29] getJobUpdate finished
[19:52:33] getJobUpdate start
[19:52:33] getJobUpdate finished
[19:52:36] getJobUpdate start
[19:52:36] getJobUpdate finished
[19:52:40] getJobUpdate start
[19:52:40] getJobUpdate finished
[19:52:43] getJobUpdate start
[19:52:43] getJobUpdate finished
[19:52:47] getJobUpdate start
[19:52:47] getJobUpdate finished
[19:52:50] getJobUpdate start
[19:52:50] getJobUpdate finished
[19:52:53] getJobUpdate start
[19:52:54] getJobUpdate finished
[19:52:57] getJobUpdate start
[19:52:57] getJobUpdate finished
[19:53:01] getJobUpdate start
[19:53:01] getJobUpdate finished
[19:53:05] getJobUpdate start
[19:53:05] getJobUpdate finished
[19:53:08] getJobUpdate start
[19:53:08] getJobUpdate finished
[19:53:12] getJobUpdate start
[19:53:12] getJobUpdate finished
[19:53:15] getJobUpdate start
[19:53:15] getJobUpdate finished
[19:53:19] getJobUpdate start
[19:53:19] getJobUpdate finished
[19:53:22] getJobUpdate start
[19:53:22] getJobUpdate finished
[19:53:26] getJobUpdate start
[19:53:26] getJobUpdate finished
[19:53:29] getJobUpdate start
[19:53:29] getJobUpdate finished
[19:53:33] getJobUpdate start
[19:53:33] getJobUpdate finished
[19:53:36] getJobUpdate start
[19:53:36] getJobUpdate finished
[19:53:40] getJobUpdate start
[19:53:40] getJobUpdate finished
[19:53:43] getJobUpdate start
[19:53:43] getJobUpdate finished
[19:53:47] getJobUpdate start
[19:53:47] getJobUpdate finished
[19:53:51] getJobUpdate start
[19:53:51] getJobUpdate finished
[19:53:54] getJobUpdate start
[19:53:54] getJobUpdate finished
[19:53:58] getJobUpdate start
[19:53:58] getJobUpdate finished
[19:54:01] getJobUpdate start
[19:54:01] getJobUpdate finished
[19:54:05] getJobUpdate start
[19:54:05] getJobUpdate finished
[19:54:08] getJobUpdate start
[19:54:09] getJobUpdate finished
[19:54:12] getJobUpdate start
[19:54:12] getJobUpdate finished
[19:54:16] getJobUpdate start
[19:54:16] getJobUpdate finished
[19:54:19] getJobUpdate start
[19:54:19] getJobUpdate finished
[19:54:23] getJobUpdate start
[19:54:23] getJobUpdate finished
[19:54:27] getJobUpdate start
[19:54:27] getJobUpdate finished
[19:54:30] getJobUpdate start
[19:54:31] getJobUpdate finished
[19:54:34] getJobUpdate start
[19:54:34] getJobUpdate finished
[19:54:37] getJobUpdate start
[19:54:37] getJobUpdate finished
[19:54:41] getJobUpdate start
[19:54:41] getJobUpdate finished
[19:54:44] getJobUpdate start
[19:54:45] getJobUpdate finished
[19:54:48] getJobUpdate start
[19:54:48] getJobUpdate finished
[19:54:52] getJobUpdate start
[19:54:52] getJobUpdate finished
[19:54:56] getJobUpdate start
[19:54:56] getJobUpdate finished
[19:55:00] getJobUpdate start
[19:55:00] getJobUpdate finished
[19:55:04] getJobUpdate start
[19:55:04] getJobUpdate finished
[19:55:08] getJobUpdate start
[19:55:08] getJobUpdate finished
[19:55:12] getJobUpdate start
[19:55:12] getJobUpdate finished
[19:55:17] getJobUpdate start
[19:55:17] getJobUpdate finished
[19:55:21] getJobUpdate start
[19:55:21] getJobUpdate finished
[19:55:25] getJobUpdate start
[19:55:26] getJobUpdate finished
[19:55:30] getJobUpdate start
[19:55:30] getJobUpdate finished
[19:55:35] getJobUpdate start
[19:55:35] getJobUpdate finished
[19:55:39] getJobUpdate start
[19:55:39] getJobUpdate finished
[19:55:43] getJobUpdate start
[19:55:43] getJobUpdate finished
[19:55:47] getJobUpdate start
[19:55:48] getJobUpdate finished
[19:55:52] getJobUpdate start
[19:55:52] getJobUpdate finished
[19:55:56] getJobUpdate start
[19:55:56] getJobUpdate finished
[19:56:01] getJobUpdate start
[19:56:01] getJobUpdate finished
[19:56:04] getJobUpdate start
[19:56:04] getJobUpdate finished
[19:56:08] getJobUpdate start
[19:56:08] getJobUpdate finished
[19:56:11] getJobUpdate start
[19:56:12] getJobUpdate finished
[19:56:15] getJobUpdate start
[19:56:15] getJobUpdate finished
[19:56:19] getJobUpdate start
[19:56:19] getJobUpdate finished
[19:56:23] getJobUpdate start
[19:56:23] getJobUpdate finished
[19:56:27] getJobUpdate start
[19:56:27] getJobUpdate finished
[19:56:30] getJobUpdate start
[19:56:30] getJobUpdate finished
[19:56:34] getJobUpdate start
[19:56:34] getJobUpdate finished
[19:56:37] getJobUpdate start
[19:56:38] getJobUpdate finished
[19:56:41] getJobUpdate start
[19:56:41] getJobUpdate finished
[19:56:45] getJobUpdate start
[19:56:45] getJobUpdate finished
[19:56:48] getJobUpdate start
[19:56:48] getJobUpdate finished
[19:56:52] getJobUpdate start
[19:56:52] getJobUpdate finished
[19:56:55] getJobUpdate start
[19:56:55] getJobUpdate finished
[19:56:59] getJobUpdate start
[19:56:59] getJobUpdate finished
[19:57:02] getJobUpdate start
[19:57:02] getJobUpdate finished
[19:57:06] getJobUpdate start
[19:57:06] getJobUpdate finished
[19:57:09] getJobUpdate start
[19:57:10] getJobUpdate finished
[19:57:13] getJobUpdate start
[19:57:13] getJobUpdate finished
[19:57:17] getJobUpdate start
[19:57:17] getJobUpdate finished
[19:57:20] getJobUpdate start
[19:57:20] getJobUpdate finished
[19:57:24] getJobUpdate start
[19:57:24] getJobUpdate finished
[19:57:28] getJobUpdate start
[19:57:28] getJobUpdate finished
[19:57:31] getJobUpdate start
[19:57:31] getJobUpdate finished
[19:57:35] getJobUpdate start
[19:57:35] getJobUpdate finished
[19:57:38] getJobUpdate start
[19:57:38] getJobUpdate finished
[19:57:42] getJobUpdate start
[19:57:42] getJobUpdate finished
[19:57:46] getJobUpdate start
[19:57:46] getJobUpdate finished
[19:57:49] getJobUpdate start
[19:57:49] getJobUpdate finished
[19:57:52] getJobUpdate start
[19:57:53] getJobUpdate finished
[19:57:56] getJobUpdate start
[19:57:56] getJobUpdate finished
[19:57:59] getJobUpdate start
[19:57:59] getJobUpdate finished
[19:58:03] getJobUpdate start
[19:58:03] getJobUpdate finished
[19:58:06] getJobUpdate start
[19:58:06] getJobUpdate finished
[19:58:09] getJobUpdate start
[19:58:10] getJobUpdate finished
[19:58:13] getJobUpdate start
[19:58:13] getJobUpdate finished
[19:58:17] getJobUpdate start
[19:58:17] getJobUpdate finished
[19:58:21] getJobUpdate start
[19:58:21] getJobUpdate finished
[19:58:25] getJobUpdate start
[19:58:25] getJobUpdate finished
[19:58:31] getJobUpdate start
[19:58:31] getJobUpdate finished
[19:58:36] getJobUpdate start
[19:58:36] getJobUpdate finished
[19:58:40] getJobUpdate start
[19:58:40] getJobUpdate finished
[19:58:45] getJobUpdate start
[19:58:45] getJobUpdate finished
[19:58:50] getJobUpdate start
[19:58:50] getJobUpdate finished
[19:58:55] getJobUpdate start
[19:58:55] getJobUpdate finished
[19:58:58] getJobUpdate start
[19:58:59] getJobUpdate finished
[19:59:02] getJobUpdate start
[19:59:02] getJobUpdate finished
[19:59:06] getJobUpdate start
[19:59:06] getJobUpdate finished
[19:59:10] getJobUpdate start
[19:59:10] getJobUpdate finished
[19:59:14] getJobUpdate start
[19:59:14] getJobUpdate finished
[19:59:18] getJobUpdate start
[19:59:18] getJobUpdate finished
[19:59:23] getJobUpdate start
[19:59:23] getJobUpdate finished
[19:59:27] getJobUpdate start
[19:59:27] getJobUpdate finished
[19:59:32] getJobUpdate start
[19:59:32] getJobUpdate finished
[19:59:36] getJobUpdate start
[19:59:36] getJobUpdate finished
[19:59:41] getJobUpdate start
[19:59:41] getJobUpdate finished
[19:59:45] getJobUpdate start
[19:59:46] getJobUpdate finished
[19:59:50] getJobUpdate start
[19:59:50] getJobUpdate finished
[19:59:55] getJobUpdate start
[19:59:55] getJobUpdate finished
[19:59:59] getJobUpdate start
[19:59:59] getJobUpdate finished
[20:00:03] getJobUpdate start
[20:00:03] getJobUpdate finished
[20:00:07] getJobUpdate start
[20:00:07] getJobUpdate finished
[20:00:10] getJobUpdate start
[20:00:10] getJobUpdate finished
[20:00:14] getJobUpdate start
[20:00:14] getJobUpdate finished
[20:00:18] getJobUpdate start
[20:00:18] getJobUpdate finished
[20:00:22] getJobUpdate start
[20:00:22] getJobUpdate finished
[20:00:26] getJobUpdate start
[20:00:26] getJobUpdate finished
[20:00:31] getJobUpdate start
[20:00:31] getJobUpdate finished
[20:00:35] getJobUpdate start
[20:00:35] getJobUpdate finished
[20:00:39] getJobUpdate start
[20:00:39] getJobUpdate finished
[20:00:43] getJobUpdate start
[20:00:43] getJobUpdate finished
[20:00:47] getJobUpdate start
[20:00:47] getJobUpdate finished
[20:00:51] getJobUpdate start
[20:00:51] getJobUpdate finished
[20:00:55] getJobUpdate start
[20:00:55] getJobUpdate finished
[20:00:58] getJobUpdate start
[20:00:58] getJobUpdate finished
[20:01:02] getJobUpdate start
[20:01:02] getJobUpdate finished
[20:01:06] getJobUpdate start
[20:01:06] getJobUpdate finished
[20:01:10] getJobUpdate start
[20:01:10] getJobUpdate finished
[20:01:13] getJobUpdate start
[20:01:14] getJobUpdate finished
[20:01:17] getJobUpdate start
[20:01:17] getJobUpdate finished
[20:01:21] getJobUpdate start
[20:01:21] getJobUpdate finished
[20:01:24] getJobUpdate start
[20:01:25] getJobUpdate finished
[20:01:28] getJobUpdate start
[20:01:28] getJobUpdate finished
[20:01:32] getJobUpdate start
[20:01:32] getJobUpdate finished
[20:01:35] getJobUpdate start
[20:01:35] getJobUpdate finished
[20:01:39] getJobUpdate start
[20:01:39] getJobUpdate finished
[20:01:43] getJobUpdate start
[20:01:43] getJobUpdate finished
[20:01:46] getJobUpdate start
[20:01:46] getJobUpdate finished
[20:01:50] getJobUpdate start
[20:01:50] getJobUpdate finished
[20:01:54] getJobUpdate start
[20:01:54] getJobUpdate finished
[20:01:58] getJobUpdate start
[20:01:58] getJobUpdate finished
[20:02:02] getJobUpdate start
[20:02:02] getJobUpdate finished
[20:02:05] getJobUpdate start
[20:02:05] getJobUpdate finished
[20:02:09] getJobUpdate start
[20:02:09] getJobUpdate finished
[20:02:13] getJobUpdate start
[20:02:13] getJobUpdate finished
[20:02:16] getJobUpdate start
[20:02:16] getJobUpdate finished
[20:02:20] getJobUpdate start
[20:02:20] getJobUpdate finished
[20:02:23] getJobUpdate start
[20:02:24] getJobUpdate finished
[20:02:27] getJobUpdate start
[20:02:27] getJobUpdate finished
[20:02:31] getJobUpdate start
[20:02:31] getJobUpdate finished
[20:02:34] getJobUpdate start
[20:02:35] getJobUpdate finished
[20:02:38] getJobUpdate start
[20:02:38] getJobUpdate finished
[20:02:42] getJobUpdate start
[20:02:42] getJobUpdate finished
[20:02:46] getJobUpdate start
[20:02:46] getJobUpdate finished
[20:02:50] getJobUpdate start
[20:02:50] getJobUpdate finished
[20:02:53] getJobUpdate start
[20:02:53] getJobUpdate finished
[20:02:57] getJobUpdate start
[20:02:57] getJobUpdate finished
[20:03:01] getJobUpdate start
[20:03:01] getJobUpdate finished
[20:03:05] getJobUpdate start
[20:03:05] getJobUpdate finished
[20:03:09] getJobUpdate start
[20:03:09] getJobUpdate finished
[20:03:12] getJobUpdate start
[20:03:13] getJobUpdate finished
[20:03:16] getJobUpdate start
[20:03:16] getJobUpdate finished
[20:03:20] getJobUpdate start
[20:03:20] getJobUpdate finished
[20:03:24] getJobUpdate start
[20:03:24] getJobUpdate finished
[20:03:27] getJobUpdate start
[20:03:27] getJobUpdate finished
[20:03:31] getJobUpdate start
[20:03:31] getJobUpdate finished
[20:03:35] getJobUpdate start
[20:03:35] getJobUpdate finished
[20:03:38] getJobUpdate start
[20:03:38] getJobUpdate finished
[20:03:42] getJobUpdate start
[20:03:42] getJobUpdate finished
[20:03:46] getJobUpdate start
[20:03:46] getJobUpdate finished
[20:03:49] getJobUpdate start
[20:03:50] getJobUpdate finished
[20:03:53] getJobUpdate start
[20:03:53] getJobUpdate finished
[20:03:57] getJobUpdate start
[20:03:57] getJobUpdate finished
[20:04:00] getJobUpdate start
[20:04:00] getJobUpdate finished
[20:04:05] getJobUpdate start
[20:04:05] getJobUpdate finished
[20:04:10] getJobUpdate start
[20:04:10] getJobUpdate finished
[20:04:14] getJobUpdate start
[20:04:14] getJobUpdate finished
[20:04:18] getJobUpdate start
[20:04:18] getJobUpdate finished
[20:04:22] getJobUpdate start
[20:04:23] getJobUpdate finished
[20:04:27] getJobUpdate start
[20:04:28] getJobUpdate finished
[20:04:32] getJobUpdate start
[20:04:32] getJobUpdate finished
[20:04:36] getJobUpdate start
[20:04:36] getJobUpdate finished
[20:04:41] getJobUpdate start
[20:04:41] getJobUpdate finished
[20:04:45] getJobUpdate start
[20:04:45] getJobUpdate finished
[20:04:49] getJobUpdate start
[20:04:49] getJobUpdate finished
[20:04:53] getJobUpdate start
[20:04:53] getJobUpdate finished
[20:04:56] getJobUpdate start
[20:04:57] getJobUpdate finished
[20:05:00] getJobUpdate start
[20:05:00] getJobUpdate finished
[20:05:05] getJobUpdate start
[20:05:05] getJobUpdate finished
[20:05:10] getJobUpdate start
[20:05:10] getJobUpdate finished
[20:05:14] getJobUpdate start
[20:05:14] getJobUpdate finished
[20:05:18] getJobUpdate start
[20:05:18] getJobUpdate finished
[20:05:22] getJobUpdate start
[20:05:22] getJobUpdate finished
[20:05:26] getJobUpdate start
[20:05:26] getJobUpdate finished
[20:05:30] getJobUpdate start
[20:05:30] getJobUpdate finished
[20:05:34] getJobUpdate start
[20:05:34] getJobUpdate finished
[20:05:39] getJobUpdate start
[20:05:39] getJobUpdate finished
[20:05:44] getJobUpdate start
[20:05:44] getJobUpdate finished
[20:05:48] getJobUpdate start
[20:05:48] getJobUpdate finished
[20:05:53] getJobUpdate start
[20:05:53] getJobUpdate finished
[20:05:58] getJobUpdate start
[20:05:58] getJobUpdate finished
[20:06:02] getJobUpdate start
[20:06:02] getJobUpdate finished
[20:06:07] getJobUpdate start
[20:06:07] getJobUpdate finished
[20:06:11] getJobUpdate start
[20:06:11] getJobUpdate finished
[20:06:16] getJobUpdate start
[20:06:16] getJobUpdate finished
[20:06:21] getJobUpdate start
[20:06:21] getJobUpdate finished
[20:06:25] getJobUpdate start
[20:06:25] getJobUpdate finished
[20:06:29] getJobUpdate start
[20:06:29] getJobUpdate finished
[20:06:34] getJobUpdate start
[20:06:35] getJobUpdate finished
[20:06:39] getJobUpdate start
[20:06:39] getJobUpdate finished
[20:06:44] getJobUpdate start
[20:06:44] getJobUpdate finished
[20:06:49] getJobUpdate start
[20:06:49] getJobUpdate finished
[20:06:53] getJobUpdate start
[20:06:53] getJobUpdate finished
[20:06:57] getJobUpdate start
[20:06:58] getJobUpdate finished
[20:07:02] getJobUpdate start
[20:07:02] getJobUpdate finished
[20:07:07] getJobUpdate start
[20:07:07] getJobUpdate finished
[20:07:11] getJobUpdate start
[20:07:12] getJobUpdate finished
[20:07:16] getJobUpdate start
[20:07:16] getJobUpdate finished
[20:07:20] getJobUpdate start
[20:07:21] getJobUpdate finished
[20:07:26] getJobUpdate start
[20:07:26] getJobUpdate finished
[20:07:31] getJobUpdate start
[20:07:31] getJobUpdate finished
[20:07:35] getJobUpdate start
[20:07:35] getJobUpdate finished
[20:07:37] Nose Cone_support/Nose Cone/Aerodynamics solver finished at Thu Jun 18 20:07:37 2020 on EEPC with code = 0
[20:07:37] Analysis::importSolverFiles = 0.127 sec
